#
# A fatal error has been detected by the Java Runtime Environment:
#
#  SIGSEGV (0xb) at pc=0x000000011d60685e, pid=1055, tid=0x0000000000023e23
#
# JRE version: Java(TM) SE Runtime Environment (8.0_101-b13) (build 1.8.0_101-b13)
# Java VM: Java HotSpot(TM) 64-Bit Server VM (25.101-b13 mixed mode bsd-amd64 compressed oops)
# Problematic frame:
# C  [libjfxmedia_avf.dylib+0x785e]  AVFKernelComponent::ProcessBufferLists(unsigned int&, AudioBufferList const&, AudioBufferList&, unsigned int)+0x22
#
# Failed to write core dump. Core dumps have been disabled. To enable core dumping, try "ulimit -c unlimited" before starting Java again
#
# If you would like to submit a bug report, please visit:
#   http://bugreport.java.com/bugreport/crash.jsp
#

---------------  T H R E A D  ---------------

Current thread is native thread

siginfo: si_signo: 11 (SIGSEGV), si_code: 0 (unknown), si_addr: 0x0000000000000000

Registers:
RAX=0x500007feaa4951eb, RBX=0x0000700010be5a54, RCX=0x00007feaa4a46b60, RDX=0x00007feaa4a475e0
RSP=0x0000700010be57a0, RBP=0x0000700010be57a0, RSI=0x0000700010be5a54, RDI=0x00007feaa0c3c3c0
R8 =0x0000000000001000, R9 =0x0000700010be55b7, R10=0x000000011d621290, R11=0xfffffffffffff580
R12=0x00007feaa4a46f50, R13=0x00007feaa4a475e0, R14=0x000000011d60683c, R15=0x0000000000001000
RIP=0x000000011d60685e, EFLAGS=0x0000000000010206, ERR=0x0000000000000000
  TRAPNO=0x000000000000000d

Top of Stack: (sp=0x0000700010be57a0)
0x0000700010be57a0:   0000700010be5800 000000011d60fab2
0x0000700010be57b0:   0000000000000000 0000700010be5a54
0x0000700010be57c0:   0000000000000000 0000000000000000
0x0000700010be57d0:   0000000000000000 0000700010be5a54
0x0000700010be57e0:   00007feaa4a46f50 00007feaa4a47220
0x0000700010be57f0:   00007feaa4a47dc0 0000000000001000
0x0000700010be5800:   0000700010be5850 000000011d60a369
0x0000700010be5810:   0000000000000000 0000700010be5a78
0x0000700010be5820:   0000000000000000 0000000000009fe0
0x0000700010be5830:   00007feaa4a47220 00000000ffffffce
0x0000700010be5840:   0000000000001000 00007feaa4a46f50
0x0000700010be5850:   0000700010be58c0 000000011d6089a1
0x0000700010be5860:   00007feaa4a47dc0 00009fe09e50092d
0x0000700010be5870:   0000700010be5a54 0000700010be5a78
0x0000700010be5880:   0000000010be58e0 00007feaa4a47dc0
0x0000700010be5890:   00009fe000000000 00000000ffffffce
0x0000700010be58a0:   0000700010be5a54 0000000000000000
0x0000700010be58b0:   0000000000001000 0000700010be5a78
0x0000700010be58c0:   0000700010be58e0 000000011d60c996
0x0000700010be58d0:   00000000fffffffc 00007feaa4a478a0
0x0000700010be58e0:   0000700010be5920 000000011d60b777
0x0000700010be58f0:   00007feaa4a478a0 0000700010be5a78
0x0000700010be5900:   00007feaa4a47650 00000000ffffd584
0x0000700010be5910:   0000700010be5a54 0000000000001000
0x0000700010be5920:   0000700010be5980 000000011d60f8f0
0x0000700010be5930:   0000000000000000 0000700010be5a54
0x0000700010be5940:   0000000000000000 0000000000000000
0x0000700010be5950:   0000000000000000 0000700010be5a54
0x0000700010be5960:   00007feaa4a47650 00007feaa4a47990
0x0000700010be5970:   00007feaa4a4cdb8 0000000000001000
0x0000700010be5980:   0000700010be59d0 000000011d60a369
0x0000700010be5990:   0000000000000000 0000700010be5a78 

Instructions: (pc=0x000000011d60685e)
0x000000011d60683e:   89 e5 80 bf d0 01 00 00 00 74 06 5d e9 bf 92 00
0x000000011d60684e:   00 48 8b bf d8 01 00 00 48 85 ff 74 0a 48 8b 07
0x000000011d60685e:   48 8b 40 28 5d ff e0 31 c0 5d c3 90 55 48 89 e5
0x000000011d60686e:   41 57 41 56 41 55 41 54 53 50 4d 89 c6 41 89 d5 

Register to memory mapping:

RAX=0x500007feaa4951eb is an unknown value
RBX=0x0000700010be5a54 is an unknown value
RCX=0x00007feaa4a46b60 is an unknown value
RDX=0x00007feaa4a475e0 is an unknown value
RSP=0x0000700010be57a0 is an unknown value
RBP=0x0000700010be57a0 is an unknown value
RSI=0x0000700010be5a54 is an unknown value
RDI=0x00007feaa0c3c3c0 is an unknown value
R8 =0x0000000000001000 is an unknown value
R9 =0x0000700010be55b7 is an unknown value
R10=0x000000011d621290: _ZTV18AVFEqualizerKernel+0x10 in /Library/Java/JavaVirtualMachines/jdk1.8.0_101.jdk/Contents/Home/jre/lib/libjfxmedia_avf.dylib at 0x000000011d5ff000
R11=0xfffffffffffff580 is an unknown value
R12=0x00007feaa4a46f50 is an unknown value
R13=0x00007feaa4a475e0 is an unknown value
R14=0x000000011d60683c: _ZN18AVFKernelComponent18ProcessBufferListsERjRK15AudioBufferListRS1_j+0 in /Library/Java/JavaVirtualMachines/jdk1.8.0_101.jdk/Contents/Home/jre/lib/libjfxmedia_avf.dylib at 0x000000011d5ff000
R15=0x0000000000001000 is an unknown value


Stack: [0x0000700010b66000,0x0000700010be6000],  sp=0x0000700010be57a0,  free space=509k
Native frames: (J=compiled Java code, j=interpreted, Vv=VM code, C=native code)
C  [libjfxmedia_avf.dylib+0x785e]  AVFKernelComponent::ProcessBufferLists(unsigned int&, AudioBufferList const&, AudioBufferList&, unsigned int)+0x22
C  [libjfxmedia_avf.dylib+0x10ab2]  AUEffectBase::Render(unsigned int&, AudioTimeStamp const&, unsigned int)+0x240
C  [libjfxmedia_avf.dylib+0xb369]  AUBase::DoRenderBus(unsigned int&, AudioTimeStamp const&, unsigned int, AUOutputElement*, unsigned int, AudioBufferList&)+0xa9
C  [libjfxmedia_avf.dylib+0x99a1]  AUBase::DoRender(unsigned int&, AudioTimeStamp const&, unsigned int, unsigned int, AudioBufferList&)+0x1b9
C  [libjfxmedia_avf.dylib+0xd996]  AUMethodRender(void*, unsigned int*, AudioTimeStamp const*, unsigned int, unsigned int, AudioBufferList*)+0x2e
C  [libjfxmedia_avf.dylib+0xc777]  AUInputElement::PullInput(unsigned int&, AudioTimeStamp const&, unsigned int, unsigned int)+0x8d
C  [libjfxmedia_avf.dylib+0x108f0]  AUEffectBase::Render(unsigned int&, AudioTimeStamp const&, unsigned int)+0x7e
C  [libjfxmedia_avf.dylib+0xb369]  AUBase::DoRenderBus(unsigned int&, AudioTimeStamp const&, unsigned int, AUOutputElement*, unsigned int, AudioBufferList&)+0xa9
C  [libjfxmedia_avf.dylib+0x99a1]  AUBase::DoRender(unsigned int&, AudioTimeStamp const&, unsigned int, unsigned int, AudioBufferList&)+0x1b9
C  [libjfxmedia_avf.dylib+0xd996]  AUMethodRender(void*, unsigned int*, AudioTimeStamp const*, unsigned int, unsigned int, AudioBufferList*)+0x2e
C  [libjfxmedia_avf.dylib+0x54b1]  ProcessAudioTap(void const*, long, unsigned int, AudioBufferList*, long*, unsigned int*)+0x63
C  [MediaToolbox+0x366695]  MTAudioProcessingTapGetSourceAudio+0x852
C  [AudioToolbox+0xe5cdf]  AQClientCallProcessingTap(void*, unsigned int, AudioTimeStamp*, unsigned int*, unsigned int*, AudioBufferList*, int, double, unsigned int, double, unsigned int, unsigned char const*, unsigned int)+0x5d
C  [AudioToolbox+0x16d770]  AQProcessingTap::DoCallout(unsigned int&, AudioTimeStamp&, unsigned int&, AudioBufferList&)+0xbc
C  [AudioToolbox+0x16d56f]  AudioQueueObject::PerformTapInternal(AudioTimeStamp&, unsigned int&, unsigned int&)+0x85
C  [AudioToolbox+0x16d475]  AudioQueueObject::PerformProcessingTap(int (*)(void*, unsigned int&, AudioTimeStamp const&, unsigned int, AudioBufferList&, double&, unsigned int&), void*, AudioTimeStamp&, unsigned int&, AudioBufferList&, unsigned int&)+0xc5
C  [AudioToolbox+0x178e05]  MEMixerChannel::TapDownstream(void*, unsigned int*, AudioTimeStamp const*, unsigned int, unsigned int, AudioBufferList*)+0x81
C  [CoreAudio+0x10ef05]  AUInputElement::PullInput(unsigned int&, AudioTimeStamp const&, unsigned int, unsigned int)+0xb9
C  [CoreAudio+0x5e9b4]  AUDeferredRenderer::Produce()+0x240
C  [CoreAudio+0x5e6eb]  AUDeferredRenderer::ProducerThreadProc()+0x31
C  [CoreAudio+0x5e0eb]  AUDeferredRenderer::ProducerThreadProc(void*)+0x1f
C  [CoreAudio+0x124fb5]  CAPThread::Entry(CAPThread*)+0x55
C  [libsystem_pthread.dylib+0x3aab]  _pthread_body+0xb4
C  [libsystem_pthread.dylib+0x39f7]  _pthread_body+0x0
C  [libsystem_pthread.dylib+0x3221]  thread_start+0xd


---------------  P R O C E S S  ---------------

VM state:at safepoint (normal execution)

VM Mutex/Monitor currently owned by a thread:  ([mutex/lock_event])
[0x00007fea9e401ea0] Threads_lock - owner thread: 0x00007fea9e816800
[0x00007fea9e4023a0] Heap_lock - owner thread: 0x00007feaa5c04800

Heap:
 PSYoungGen      total 271360K, used 246209K [0x0000000795580000, 0x00000007a6480000, 0x00000007c0000000)
  eden space 266240K, 91% used [0x0000000795580000,0x00000007a42f7b80,0x00000007a5980000)
  from space 5120K, 59% used [0x00000007a5f80000,0x00000007a6278aa0,0x00000007a6480000)
  to   space 5632K, 0% used [0x00000007a5980000,0x00000007a5980000,0x00000007a5f00000)
 ParOldGen       total 87552K, used 5519K [0x0000000740000000, 0x0000000745580000, 0x0000000795580000)
  object space 87552K, 6% used [0x0000000740000000,0x0000000740563c40,0x0000000745580000)
 Metaspace       used 14451K, capacity 14978K, committed 15232K, reserved 1062912K
  class space    used 1954K, capacity 2112K, committed 2176K, reserved 1048576K

Card table byte_map: [0x000000010276e000,0x0000000102b6f000] byte_map_base: 0x00000000fed6e000

Marking Bits: (ParMarkBitMap*) 0x0000000101cedd20
 Begin Bits: [0x0000000113e72000, 0x0000000115e72000)
 End Bits:   [0x0000000115e72000, 0x0000000117e72000)

Polling page: 0x0000000100bfd000

CodeCache: size=245760Kb used=5275Kb max_used=5284Kb free=240484Kb
 bounds [0x0000000104e72000, 0x00000001053a2000, 0x0000000113e72000]
 total_blobs=2406 nmethods=1773 adapters=546
 compilation: enabled

Compilation events (10 events):
Event: 10.437 Thread 0x00007feaa000b800 nmethod 1770 0x0000000105397f90 code [0x0000000105398280, 0x0000000105399818]
Event: 10.442 Thread 0x00007fea9f04d000 nmethod 1767 0x000000010539d210 code [0x000000010539d3c0, 0x000000010539d8f8]
Event: 10.451 Thread 0x00007feaa000b800 1771       3       sun.reflect.MagicAccessorImpl::<init> (5 bytes)
Event: 10.451 Thread 0x00007feaa000b800 nmethod 1771 0x0000000105394450 code [0x00000001053945c0, 0x0000000105394770]
Event: 10.489 Thread 0x00007fea9f083800 1772       4       java.lang.Object::equals (11 bytes)
Event: 10.490 Thread 0x00007fea9f083800 nmethod 1772 0x0000000105389410 code [0x0000000105389560, 0x00000001053895d8]
Event: 10.492 Thread 0x00007fea9f04d000 1773       4       java.util.concurrent.locks.ReentrantLock$Sync::tryRelease (45 bytes)
Event: 10.494 Thread 0x00007fea9f04d000 nmethod 1773 0x000000010539a250 code [0x000000010539a3a0, 0x000000010539a478]
Event: 10.499 Thread 0x00007feaa000b800 1774       3       java.lang.invoke.DirectMethodHandle::shouldBeInitialized (123 bytes)
Event: 10.499 Thread 0x00007feaa000b800 nmethod 1774 0x0000000105396790 code [0x0000000105396960, 0x00000001053970a8]

GC Heap History (10 events):
Event: 1.322 GC heap before
{Heap before GC invocations=4 (full 0):
 PSYoungGen      total 38400K, used 36010K [0x0000000795580000, 0x000000079a080000, 0x00000007c0000000)
  eden space 33280K, 100% used [0x0000000795580000,0x0000000797600000,0x0000000797600000)
  from space 5120K, 53% used [0x0000000797600000,0x00000007978aabd0,0x0000000797b00000)
  to   space 5120K, 0% used [0x0000000799b80000,0x0000000799b80000,0x000000079a080000)
 ParOldGen       total 87552K, used 24K [0x0000000740000000, 0x0000000745580000, 0x0000000795580000)
  object space 87552K, 0% used [0x0000000740000000,0x0000000740006000,0x0000000745580000)
 Metaspace       used 9057K, capacity 9396K, committed 9600K, reserved 1056768K
  class space    used 1187K, capacity 1293K, committed 1408K, reserved 1048576K
Event: 1.327 GC heap after
Heap after GC invocations=4 (full 0):
 PSYoungGen      total 71680K, used 2778K [0x0000000795580000, 0x000000079a080000, 0x00000007c0000000)
  eden space 66560K, 0% used [0x0000000795580000,0x0000000795580000,0x0000000799680000)
  from space 5120K, 54% used [0x0000000799b80000,0x0000000799e36bc0,0x000000079a080000)
  to   space 5120K, 0% used [0x0000000799680000,0x0000000799680000,0x0000000799b80000)
 ParOldGen       total 87552K, used 32K [0x0000000740000000, 0x0000000745580000, 0x0000000795580000)
  object space 87552K, 0% used [0x0000000740000000,0x0000000740008000,0x0000000745580000)
 Metaspace       used 9057K, capacity 9396K, committed 9600K, reserved 1056768K
  class space    used 1187K, capacity 1293K, committed 1408K, reserved 1048576K
}
Event: 1.386 GC heap before
{Heap before GC invocations=5 (full 0):
 PSYoungGen      total 71680K, used 69338K [0x0000000795580000, 0x000000079a080000, 0x00000007c0000000)
  eden space 66560K, 100% used [0x0000000795580000,0x0000000799680000,0x0000000799680000)
  from space 5120K, 54% used [0x0000000799b80000,0x0000000799e36bc0,0x000000079a080000)
  to   space 5120K, 0% used [0x0000000799680000,0x0000000799680000,0x0000000799b80000)
 ParOldGen       total 87552K, used 32K [0x0000000740000000, 0x0000000745580000, 0x0000000795580000)
  object space 87552K, 0% used [0x0000000740000000,0x0000000740008000,0x0000000745580000)
 Metaspace       used 9064K, capacity 9396K, committed 9600K, reserved 1056768K
  class space    used 1187K, capacity 1293K, committed 1408K, reserved 1048576K
Event: 1.390 GC heap after
Heap after GC invocations=5 (full 0):
 PSYoungGen      total 71680K, used 2778K [0x0000000795580000, 0x000000079dd80000, 0x00000007c0000000)
  eden space 66560K, 0% used [0x0000000795580000,0x0000000795580000,0x0000000799680000)
  from space 5120K, 54% used [0x0000000799680000,0x0000000799936bc0,0x0000000799b80000)
  to   space 3072K, 0% used [0x000000079da80000,0x000000079da80000,0x000000079dd80000)
 ParOldGen       total 87552K, used 40K [0x0000000740000000, 0x0000000745580000, 0x0000000795580000)
  object space 87552K, 0% used [0x0000000740000000,0x000000074000a000,0x0000000745580000)
 Metaspace       used 9064K, capacity 9396K, committed 9600K, reserved 1056768K
  class space    used 1187K, capacity 1293K, committed 1408K, reserved 1048576K
}
Event: 1.507 GC heap before
{Heap before GC invocations=6 (full 0):
 PSYoungGen      total 71680K, used 69338K [0x0000000795580000, 0x000000079dd80000, 0x00000007c0000000)
  eden space 66560K, 100% used [0x0000000795580000,0x0000000799680000,0x0000000799680000)
  from space 5120K, 54% used [0x0000000799680000,0x0000000799936bc0,0x0000000799b80000)
  to   space 3072K, 0% used [0x000000079da80000,0x000000079da80000,0x000000079dd80000)
 ParOldGen       total 87552K, used 40K [0x0000000740000000, 0x0000000745580000, 0x0000000795580000)
  object space 87552K, 0% used [0x0000000740000000,0x000000074000a000,0x0000000745580000)
 Metaspace       used 9066K, capacity 9396K, committed 9600K, reserved 1056768K
  class space    used 1187K, capacity 1293K, committed 1408K, reserved 1048576K
Event: 1.511 GC heap after
Heap after GC invocations=6 (full 0):
 PSYoungGen      total 136192K, used 2762K [0x0000000795580000, 0x000000079dd80000, 0x00000007c0000000)
  eden space 133120K, 0% used [0x0000000795580000,0x0000000795580000,0x000000079d780000)
  from space 3072K, 89% used [0x000000079da80000,0x000000079dd32bd0,0x000000079dd80000)
  to   space 3072K, 0% used [0x000000079d780000,0x000000079d780000,0x000000079da80000)
 ParOldGen       total 87552K, used 48K [0x0000000740000000, 0x0000000745580000, 0x0000000795580000)
  object space 87552K, 0% used [0x0000000740000000,0x000000074000c000,0x0000000745580000)
 Metaspace       used 9066K, capacity 9396K, committed 9600K, reserved 1056768K
  class space    used 1187K, capacity 1293K, committed 1408K, reserved 1048576K
}
Event: 4.282 GC heap before
{Heap before GC invocations=7 (full 0):
 PSYoungGen      total 136192K, used 135882K [0x0000000795580000, 0x000000079dd80000, 0x00000007c0000000)
  eden space 133120K, 100% used [0x0000000795580000,0x000000079d780000,0x000000079d780000)
  from space 3072K, 89% used [0x000000079da80000,0x000000079dd32bd0,0x000000079dd80000)
  to   space 3072K, 0% used [0x000000079d780000,0x000000079d780000,0x000000079da80000)
 ParOldGen       total 87552K, used 48K [0x0000000740000000, 0x0000000745580000, 0x0000000795580000)
  object space 87552K, 0% used [0x0000000740000000,0x000000074000c000,0x0000000745580000)
 Metaspace       used 14044K, capacity 14540K, committed 14720K, reserved 1062912K
  class space    used 1945K, capacity 2101K, committed 2176K, reserved 1048576K
Event: 4.295 GC heap after
Heap after GC invocations=7 (full 0):
 PSYoungGen      total 136192K, used 3042K [0x0000000795580000, 0x00000007a6580000, 0x00000007c0000000)
  eden space 133120K, 0% used [0x0000000795580000,0x0000000795580000,0x000000079d780000)
  from space 3072K, 99% used [0x000000079d780000,0x000000079da78aa0,0x000000079da80000)
  to   space 6144K, 0% used [0x00000007a5f80000,0x00000007a5f80000,0x00000007a6580000)
 ParOldGen       total 87552K, used 5471K [0x0000000740000000, 0x0000000745580000, 0x0000000795580000)
  object space 87552K, 6% used [0x0000000740000000,0x0000000740557c40,0x0000000745580000)
 Metaspace       used 14044K, capacity 14540K, committed 14720K, reserved 1062912K
  class space    used 1945K, capacity 2101K, committed 2176K, reserved 1048576K
}
Event: 7.285 GC heap before
{Heap before GC invocations=8 (full 0):
 PSYoungGen      total 136192K, used 136162K [0x0000000795580000, 0x00000007a6580000, 0x00000007c0000000)
  eden space 133120K, 100% used [0x0000000795580000,0x000000079d780000,0x000000079d780000)
  from space 3072K, 99% used [0x000000079d780000,0x000000079da78aa0,0x000000079da80000)
  to   space 6144K, 0% used [0x00000007a5f80000,0x00000007a5f80000,0x00000007a6580000)
 ParOldGen       total 87552K, used 5471K [0x0000000740000000, 0x0000000745580000, 0x0000000795580000)
  object space 87552K, 6% used [0x0000000740000000,0x0000000740557c40,0x0000000745580000)
 Metaspace       used 14210K, capacity 14736K, committed 14976K, reserved 1062912K
  class space    used 1945K, capacity 2101K, committed 2176K, reserved 1048576K
Event: 7.289 GC heap after
Heap after GC invocations=8 (full 0):
 PSYoungGen      total 271360K, used 3042K [0x0000000795580000, 0x00000007a6480000, 0x00000007c0000000)
  eden space 266240K, 0% used [0x0000000795580000,0x0000000795580000,0x00000007a5980000)
  from space 5120K, 59% used [0x00000007a5f80000,0x00000007a6278aa0,0x00000007a6480000)
  to   space 5632K, 0% used [0x00000007a5980000,0x00000007a5980000,0x00000007a5f00000)
 ParOldGen       total 87552K, used 5519K [0x0000000740000000, 0x0000000745580000, 0x0000000795580000)
  object space 87552K, 6% used [0x0000000740000000,0x0000000740563c40,0x0000000745580000)
 Metaspace       used 14210K, capacity 14736K, committed 14976K, reserved 1062912K
  class space    used 1945K, capacity 2101K, committed 2176K, reserved 1048576K
}

Deoptimization events (10 events):
Event: 1.776 Thread 0x00007fea9f193800 Uncommon trap: reason=class_check action=maybe_recompile pc=0x00000001050fb9c4 method=java.io.DataInputStream.readShort()S @ 4
Event: 1.777 Thread 0x00007fea9f193800 Uncommon trap: reason=class_check action=maybe_recompile pc=0x00000001050fb9c4 method=java.io.DataInputStream.readShort()S @ 4
Event: 1.778 Thread 0x00007fea9f193800 Uncommon trap: reason=class_check action=maybe_recompile pc=0x00000001050fb9c4 method=java.io.DataInputStream.readShort()S @ 4
Event: 1.778 Thread 0x00007fea9f193800 Uncommon trap: reason=class_check action=maybe_recompile pc=0x00000001050fb9c4 method=java.io.DataInputStream.readShort()S @ 4
Event: 1.785 Thread 0x00007fea9f193800 Uncommon trap: reason=class_check action=maybe_recompile pc=0x0000000104f8c7dc method=java.lang.String.equals(Ljava/lang/Object;)Z @ 8
Event: 1.785 Thread 0x00007fea9f193800 Uncommon trap: reason=class_check action=maybe_recompile pc=0x0000000104f8c7dc method=java.lang.String.equals(Ljava/lang/Object;)Z @ 8
Event: 1.785 Thread 0x00007fea9f193800 Uncommon trap: reason=class_check action=maybe_recompile pc=0x0000000104f8c7dc method=java.lang.String.equals(Ljava/lang/Object;)Z @ 8
Event: 1.786 Thread 0x00007fea9f193800 Uncommon trap: reason=class_check action=maybe_recompile pc=0x0000000104f8c7dc method=java.lang.String.equals(Ljava/lang/Object;)Z @ 8
Event: 2.056 Thread 0x00007fea9f193800 Uncommon trap: reason=unstable_if action=reinterpret pc=0x00000001050758a0 method=java.lang.CharacterData.of(I)Ljava/lang/CharacterData; @ 4
Event: 10.499 Thread 0x00007fea9f193800 Uncommon trap: reason=unstable_if action=reinterpret pc=0x000000010539a424 method=java.util.concurrent.locks.ReentrantLock$Sync.tryRelease(I)Z @ 28

Internal exceptions (10 events):
Event: 1.000 Thread 0x00007fea9f193800 Exception <a 'java/lang/NullPointerException'> (0x0000000796429fa0) thrown at [/HUDSON3/workspace/8-2-build-macosx-x86_64/jdk8u101/7261/hotspot/src/share/vm/interpreter/linkResolver.cpp, line 1280]
Event: 1.057 Thread 0x00007fea9f193800 Exception <a 'java/lang/NullPointerException'> (0x000000079582aae8) thrown at [/HUDSON3/workspace/8-2-build-macosx-x86_64/jdk8u101/7261/hotspot/src/share/vm/interpreter/linkResolver.cpp, line 1280]
Event: 1.164 Thread 0x00007fea9f193800 Exception <a 'java/lang/NullPointerException'> (0x0000000795833368) thrown at [/HUDSON3/workspace/8-2-build-macosx-x86_64/jdk8u101/7261/hotspot/src/share/vm/interpreter/linkResolver.cpp, line 1280]
Event: 1.245 Thread 0x00007fea9f193800 Exception <a 'java/lang/NullPointerException'> (0x0000000795f503e8) thrown at [/HUDSON3/workspace/8-2-build-macosx-x86_64/jdk8u101/7261/hotspot/src/share/vm/interpreter/linkResolver.cpp, line 1280]
Event: 1.304 Thread 0x00007fea9f193800 Exception <a 'java/lang/NullPointerException'> (0x0000000795f58e00) thrown at [/HUDSON3/workspace/8-2-build-macosx-x86_64/jdk8u101/7261/hotspot/src/share/vm/interpreter/linkResolver.cpp, line 1280]
Event: 1.363 Thread 0x00007fea9f193800 Exception <a 'java/lang/NullPointerException'> (0x000000079795e748) thrown at [/HUDSON3/workspace/8-2-build-macosx-x86_64/jdk8u101/7261/hotspot/src/share/vm/interpreter/linkResolver.cpp, line 1280]
Event: 1.421 Thread 0x00007fea9f193800 Exception <a 'java/lang/NullPointerException'> (0x0000000795f74718) thrown at [/HUDSON3/workspace/8-2-build-macosx-x86_64/jdk8u101/7261/hotspot/src/share/vm/interpreter/linkResolver.cpp, line 1280]
Event: 1.480 Thread 0x00007fea9f193800 Exception <a 'java/lang/NullPointerException'> (0x0000000795f7df30) thrown at [/HUDSON3/workspace/8-2-build-macosx-x86_64/jdk8u101/7261/hotspot/src/share/vm/interpreter/linkResolver.cpp, line 1280]
Event: 1.553 Thread 0x00007fea9f193800 Exception <a 'java/lang/NullPointerException'> (0x0000000796a8fad8) thrown at [/HUDSON3/workspace/8-2-build-macosx-x86_64/jdk8u101/7261/hotspot/src/share/vm/interpreter/linkResolver.cpp, line 1178]
Event: 1.553 Thread 0x00007fea9f193800 Exception <a 'java/lang/NullPointerException'> (0x0000000796a8fad8) thrown at [/HUDSON3/workspace/8-2-build-macosx-x86_64/jdk8u101/7261/hotspot/src/share/vm/prims/jvm.cpp, line 1390]

Events (10 events):
Event: 10.499 Thread 0x00007feaa5c04800 Thread added: 0x00007feaa5c04800
Event: 10.501 Thread 0x00007fea9f193800 Thread exited: 0x00007fea9f193800
Event: 10.501 loading class java/util/IdentityHashMap$KeySet
Event: 10.501 loading class java/util/IdentityHashMap$KeySet done
Event: 10.501 loading class java/util/IdentityHashMap$KeyIterator
Event: 10.501 loading class java/util/IdentityHashMap$IdentityHashMapIterator
Event: 10.501 loading class java/util/IdentityHashMap$IdentityHashMapIterator done
Event: 10.501 loading class java/util/IdentityHashMap$KeyIterator done
Event: 10.501 Thread 0x00007feaa5c04800 Thread exited: 0x00007feaa5c04800
Event: 10.501 Thread 0x00007fea9f03c800 Thread exited: 0x00007fea9f03c800


Dynamic libraries:
0x000000002a33e000 	/System/Library/Frameworks/Cocoa.framework/Versions/A/Cocoa
0x000000002a33e000 	/System/Library/Frameworks/Security.framework/Versions/A/Security
0x000000002a33e000 	/System/Library/Frameworks/ApplicationServices.framework/Versions/A/ApplicationServices
0x000000002a33e000 	/usr/lib/libz.1.dylib
0x000000002a33e000 	/usr/lib/libSystem.B.dylib
0x000000002a33e000 	/usr/lib/libobjc.A.dylib
0x000000002a33e000 	/System/Library/Frameworks/CoreFoundation.framework/Versions/A/CoreFoundation
0x000000002a33e000 	/System/Library/Frameworks/Foundation.framework/Versions/C/Foundation
0x000000002a33e000 	/System/Library/Frameworks/AppKit.framework/Versions/C/AppKit
0x000000002a33e000 	/System/Library/Frameworks/CoreData.framework/Versions/A/CoreData
0x000000002a33e000 	/System/Library/PrivateFrameworks/RemoteViewServices.framework/Versions/A/RemoteViewServices
0x000000002a33e000 	/System/Library/PrivateFrameworks/UIFoundation.framework/Versions/A/UIFoundation
0x000000002a33e000 	/usr/lib/libenergytrace.dylib
0x000000002a33e000 	/System/Library/PrivateFrameworks/SkyLight.framework/Versions/A/SkyLight
0x000000002a33e000 	/System/Library/Frameworks/CoreGraphics.framework/Versions/A/CoreGraphics
0x000000002a33e000 	/usr/lib/libScreenReader.dylib
0x000000002a33e000 	/System/Library/Frameworks/Accelerate.framework/Versions/A/Accelerate
0x000000002a33e000 	/System/Library/Frameworks/IOSurface.framework/Versions/A/IOSurface
0x000000002a33e000 	/System/Library/Frameworks/AudioToolbox.framework/Versions/A/AudioToolbox
0x000000002a33e000 	/System/Library/Frameworks/AudioUnit.framework/Versions/A/AudioUnit
0x000000002a33e000 	/System/Library/PrivateFrameworks/DataDetectorsCore.framework/Versions/A/DataDetectorsCore
0x000000002a33e000 	/System/Library/PrivateFrameworks/DesktopServicesPriv.framework/Versions/A/DesktopServicesPriv
0x000000002a33e000 	/System/Library/Frameworks/Carbon.framework/Versions/A/Frameworks/HIToolbox.framework/Versions/A/HIToolbox
0x000000002a33e000 	/usr/lib/libicucore.A.dylib
0x000000002a33e000 	/System/Library/Frameworks/QuartzCore.framework/Versions/A/QuartzCore
0x000000002a33e000 	/System/Library/Frameworks/Carbon.framework/Versions/A/Frameworks/SpeechRecognition.framework/Versions/A/SpeechRecognition
0x000000002a33e000 	/usr/lib/libauto.dylib
0x000000002a33e000 	/usr/lib/libxml2.2.dylib
0x000000002a33e000 	/System/Library/PrivateFrameworks/CoreUI.framework/Versions/A/CoreUI
0x000000002a33e000 	/System/Library/Frameworks/CoreAudio.framework/Versions/A/CoreAudio
0x000000002a33e000 	/System/Library/Frameworks/DiskArbitration.framework/Versions/A/DiskArbitration
0x000000002a33e000 	/usr/lib/liblangid.dylib
0x000000002a33e000 	/System/Library/PrivateFrameworks/MultitouchSupport.framework/Versions/A/MultitouchSupport
0x000000002a33e000 	/System/Library/Frameworks/IOKit.framework/Versions/A/IOKit
0x000000002a33e000 	/usr/lib/libDiagnosticMessagesClient.dylib
0x000000002a33e000 	/System/Library/Frameworks/CoreServices.framework/Versions/A/CoreServices
0x000000002a33e000 	/System/Library/PrivateFrameworks/PerformanceAnalysis.framework/Versions/A/PerformanceAnalysis
0x000000002a33e000 	/System/Library/PrivateFrameworks/GenerationalStorage.framework/Versions/A/GenerationalStorage
0x000000002a33e000 	/System/Library/Frameworks/OpenGL.framework/Versions/A/OpenGL
0x000000002a33e000 	/System/Library/Frameworks/CoreImage.framework/Versions/A/CoreImage
0x000000002a33e000 	/System/Library/Frameworks/CoreText.framework/Versions/A/CoreText
0x000000002a33e000 	/System/Library/Frameworks/ImageIO.framework/Versions/A/ImageIO
0x000000002a33e000 	/System/Library/PrivateFrameworks/Backup.framework/Versions/A/Backup
0x000000002a33e000 	/usr/lib/libarchive.2.dylib
0x000000002a33e000 	/System/Library/Frameworks/CFNetwork.framework/Versions/A/CFNetwork
0x000000002a33e000 	/System/Library/Frameworks/SystemConfiguration.framework/Versions/A/SystemConfiguration
0x000000002a33e000 	/usr/lib/libCRFSuite.dylib
0x000000002a33e000 	/usr/lib/libc++.1.dylib
0x000000002a33e000 	/usr/lib/libc++abi.dylib
0x000000002a33e000 	/usr/lib/system/libcache.dylib
0x000000002a33e000 	/usr/lib/system/libcommonCrypto.dylib
0x000000002a33e000 	/usr/lib/system/libcompiler_rt.dylib
0x000000002a33e000 	/usr/lib/system/libcopyfile.dylib
0x000000002a33e000 	/usr/lib/system/libcorecrypto.dylib
0x000000002a33e000 	/usr/lib/system/libdispatch.dylib
0x000000002a33e000 	/usr/lib/system/libdyld.dylib
0x000000002a33e000 	/usr/lib/system/libkeymgr.dylib
0x000000002a33e000 	/usr/lib/system/liblaunch.dylib
0x000000002a33e000 	/usr/lib/system/libmacho.dylib
0x000000002a33e000 	/usr/lib/system/libquarantine.dylib
0x000000002a33e000 	/usr/lib/system/libremovefile.dylib
0x000000002a33e000 	/usr/lib/system/libsystem_asl.dylib
0x000000002a33e000 	/usr/lib/system/libsystem_blocks.dylib
0x000000002a33e000 	/usr/lib/system/libsystem_c.dylib
0x000000002a33e000 	/usr/lib/system/libsystem_configuration.dylib
0x000000002a33e000 	/usr/lib/system/libsystem_coreservices.dylib
0x000000002a33e000 	/usr/lib/system/libsystem_coretls.dylib
0x000000002a33e000 	/usr/lib/system/libsystem_dnssd.dylib
0x000000002a33e000 	/usr/lib/system/libsystem_info.dylib
0x000000002a33e000 	/usr/lib/system/libsystem_kernel.dylib
0x000000002a33e000 	/usr/lib/system/libsystem_m.dylib
0x000000002a33e000 	/usr/lib/system/libsystem_malloc.dylib
0x000000002a33e000 	/usr/lib/system/libsystem_network.dylib
0x000000002a33e000 	/usr/lib/system/libsystem_networkextension.dylib
0x000000002a33e000 	/usr/lib/system/libsystem_notify.dylib
0x000000002a33e000 	/usr/lib/system/libsystem_platform.dylib
0x000000002a33e000 	/usr/lib/system/libsystem_pthread.dylib
0x000000002a33e000 	/usr/lib/system/libsystem_sandbox.dylib
0x000000002a33e000 	/usr/lib/system/libsystem_secinit.dylib
0x000000002a33e000 	/usr/lib/system/libsystem_symptoms.dylib
0x000000002a33e000 	/usr/lib/system/libsystem_trace.dylib
0x000000002a33e000 	/usr/lib/system/libunwind.dylib
0x000000002a33e000 	/usr/lib/system/libxpc.dylib
0x000000002a33e000 	/usr/lib/libbsm.0.dylib
0x000000002a33e000 	/usr/lib/system/libkxld.dylib
0x000000002a33e000 	/usr/lib/libcoretls.dylib
0x000000002a33e000 	/usr/lib/libcoretls_cfhelpers.dylib
0x000000002a33e000 	/usr/lib/libxar.1.dylib
0x000000002a33e000 	/usr/lib/libsqlite3.dylib
0x000000002a33e000 	/usr/lib/libpam.2.dylib
0x000000002a33e000 	/usr/lib/libOpenScriptingUtil.dylib
0x000000002a33e000 	/usr/lib/libbz2.1.0.dylib
0x000000002a33e000 	/usr/lib/liblzma.5.dylib
0x000000002a33e000 	/usr/lib/libnetwork.dylib
0x000000002a33e000 	/usr/lib/libpcap.A.dylib
0x000000002a33e000 	/System/Library/Frameworks/CoreServices.framework/Versions/A/Frameworks/FSEvents.framework/Versions/A/FSEvents
0x000000002a33e000 	/System/Library/Frameworks/CoreServices.framework/Versions/A/Frameworks/CarbonCore.framework/Versions/A/CarbonCore
0x000000002a33e000 	/System/Library/Frameworks/CoreServices.framework/Versions/A/Frameworks/Metadata.framework/Versions/A/Metadata
0x000000002a33e000 	/System/Library/Frameworks/CoreServices.framework/Versions/A/Frameworks/OSServices.framework/Versions/A/OSServices
0x000000002a33e000 	/System/Library/Frameworks/CoreServices.framework/Versions/A/Frameworks/SearchKit.framework/Versions/A/SearchKit
0x000000002a33e000 	/System/Library/Frameworks/CoreServices.framework/Versions/A/Frameworks/AE.framework/Versions/A/AE
0x000000002a33e000 	/System/Library/Frameworks/CoreServices.framework/Versions/A/Frameworks/LaunchServices.framework/Versions/A/LaunchServices
0x000000002a33e000 	/System/Library/Frameworks/CoreServices.framework/Versions/A/Frameworks/DictionaryServices.framework/Versions/A/DictionaryServices
0x000000002a33e000 	/System/Library/Frameworks/CoreServices.framework/Versions/A/Frameworks/SharedFileList.framework/Versions/A/SharedFileList
0x000000002a33e000 	/System/Library/Frameworks/NetFS.framework/Versions/A/NetFS
0x000000002a33e000 	/System/Library/PrivateFrameworks/NetAuth.framework/Versions/A/NetAuth
0x000000002a33e000 	/System/Library/PrivateFrameworks/login.framework/Versions/A/Frameworks/loginsupport.framework/Versions/A/loginsupport
0x000000002a33e000 	/System/Library/PrivateFrameworks/TCC.framework/Versions/A/TCC
0x000000002a33e000 	/usr/lib/libmecabra.dylib
0x000000002a33e000 	/System/Library/Frameworks/ApplicationServices.framework/Versions/A/Frameworks/ATS.framework/Versions/A/ATS
0x000000002a33e000 	/System/Library/Frameworks/ApplicationServices.framework/Versions/A/Frameworks/ColorSync.framework/Versions/A/ColorSync
0x000000002a33e000 	/System/Library/Frameworks/ApplicationServices.framework/Versions/A/Frameworks/HIServices.framework/Versions/A/HIServices
0x000000002a33e000 	/System/Library/Frameworks/ApplicationServices.framework/Versions/A/Frameworks/LangAnalysis.framework/Versions/A/LangAnalysis
0x000000002a33e000 	/System/Library/Frameworks/ApplicationServices.framework/Versions/A/Frameworks/PrintCore.framework/Versions/A/PrintCore
0x000000002a33e000 	/System/Library/Frameworks/ApplicationServices.framework/Versions/A/Frameworks/QD.framework/Versions/A/QD
0x000000002a33e000 	/System/Library/Frameworks/ApplicationServices.framework/Versions/A/Frameworks/SpeechSynthesis.framework/Versions/A/SpeechSynthesis
0x000000002a33e000 	/System/Library/Frameworks/Accelerate.framework/Versions/A/Frameworks/vImage.framework/Versions/A/vImage
0x000000002a33e000 	/System/Library/Frameworks/Accelerate.framework/Versions/A/Frameworks/vecLib.framework/Versions/A/vecLib
0x000000002a33e000 	/System/Library/Frameworks/Accelerate.framework/Versions/A/Frameworks/vecLib.framework/Versions/A/libvDSP.dylib
0x000000002a33e000 	/System/Library/Frameworks/Accelerate.framework/Versions/A/Frameworks/vecLib.framework/Versions/A/libBNNS.dylib
0x000000002a33e000 	/System/Library/Frameworks/Accelerate.framework/Versions/A/Frameworks/vecLib.framework/Versions/A/libQuadrature.dylib
0x000000002a33e000 	/System/Library/Frameworks/Accelerate.framework/Versions/A/Frameworks/vecLib.framework/Versions/A/libvMisc.dylib
0x000000002a33e000 	/System/Library/Frameworks/Accelerate.framework/Versions/A/Frameworks/vecLib.framework/Versions/A/libLAPACK.dylib
0x000000002a33e000 	/System/Library/Frameworks/Accelerate.framework/Versions/A/Frameworks/vecLib.framework/Versions/A/libBLAS.dylib
0x000000002a33e000 	/System/Library/Frameworks/Accelerate.framework/Versions/A/Frameworks/vecLib.framework/Versions/A/libLinearAlgebra.dylib
0x000000002a33e000 	/System/Library/Frameworks/Accelerate.framework/Versions/A/Frameworks/vecLib.framework/Versions/A/libSparseBLAS.dylib
0x000000002a33e000 	/System/Library/Frameworks/ApplicationServices.framework/Versions/A/Frameworks/ATS.framework/Versions/A/Resources/libFontParser.dylib
0x000000002a33e000 	/System/Library/Frameworks/ApplicationServices.framework/Versions/A/Frameworks/ATS.framework/Versions/A/Resources/libFontRegistry.dylib
0x000000002a33e000 	/System/Library/Frameworks/ImageIO.framework/Versions/A/Resources/libJPEG.dylib
0x000000002a33e000 	/System/Library/Frameworks/ImageIO.framework/Versions/A/Resources/libTIFF.dylib
0x000000002a33e000 	/System/Library/Frameworks/ImageIO.framework/Versions/A/Resources/libPng.dylib
0x000000002a33e000 	/System/Library/Frameworks/ImageIO.framework/Versions/A/Resources/libGIF.dylib
0x000000002a33e000 	/System/Library/Frameworks/ImageIO.framework/Versions/A/Resources/libJP2.dylib
0x000000002a33e000 	/System/Library/Frameworks/ImageIO.framework/Versions/A/Resources/libRadiance.dylib
0x000000002a33e000 	/usr/lib/libcompression.dylib
0x000000002a33e000 	/System/Library/PrivateFrameworks/AppleJPEG.framework/Versions/A/AppleJPEG
0x000000002a33e000 	/usr/lib/libcups.2.dylib
0x000000002a33e000 	/System/Library/Frameworks/Kerberos.framework/Versions/A/Kerberos
0x000000002a33e000 	/System/Library/Frameworks/GSS.framework/Versions/A/GSS
0x000000002a33e000 	/usr/lib/libresolv.9.dylib
0x000000002a33e000 	/usr/lib/libiconv.2.dylib
0x000000002a33e000 	/System/Library/PrivateFrameworks/Heimdal.framework/Versions/A/Heimdal
0x000000002a33e000 	/usr/lib/libheimdal-asn1.dylib
0x000000002a33e000 	/System/Library/Frameworks/OpenDirectory.framework/Versions/A/OpenDirectory
0x000000002a33e000 	/System/Library/PrivateFrameworks/CommonAuth.framework/Versions/A/CommonAuth
0x000000002a33e000 	/System/Library/Frameworks/OpenDirectory.framework/Versions/A/Frameworks/CFOpenDirectory.framework/Versions/A/CFOpenDirectory
0x000000002a33e000 	/System/Library/Frameworks/SecurityFoundation.framework/Versions/A/SecurityFoundation
0x000000002a33e000 	/System/Library/PrivateFrameworks/LanguageModeling.framework/Versions/A/LanguageModeling
0x000000002a33e000 	/usr/lib/libmarisa.dylib
0x000000002a33e000 	/usr/lib/libChineseTokenizer.dylib
0x000000002a33e000 	/usr/lib/libcmph.dylib
0x000000002a33e000 	/System/Library/PrivateFrameworks/CoreEmoji.framework/Versions/A/CoreEmoji
0x000000002a33e000 	/System/Library/Frameworks/ServiceManagement.framework/Versions/A/ServiceManagement
0x000000002a33e000 	/usr/lib/libxslt.1.dylib
0x000000002a33e000 	/System/Library/Frameworks/Carbon.framework/Versions/A/Frameworks/Ink.framework/Versions/A/Ink
0x000000002a33e000 	/System/Library/PrivateFrameworks/TextureIO.framework/Versions/A/TextureIO
0x000000002a33e000 	/System/Library/Frameworks/Metal.framework/Versions/A/Metal
0x000000002a33e000 	/usr/lib/libate.dylib
0x000000002a33e000 	/System/Library/PrivateFrameworks/GPUCompiler.framework/libmetal_timestamp.dylib
0x000000002a33e000 	/System/Library/Frameworks/OpenGL.framework/Versions/A/Libraries/libCoreFSCache.dylib
0x000000002a33e000 	/System/Library/PrivateFrameworks/IOAccelerator.framework/Versions/A/IOAccelerator
0x000000002a33e000 	/System/Library/Frameworks/CoreVideo.framework/Versions/A/CoreVideo
0x000000002a33e000 	/usr/lib/libFosl_dynamic.dylib
0x000000002a33e000 	/System/Library/PrivateFrameworks/MetalPerformanceShaders.framework/Versions/A/MetalPerformanceShaders
0x000000002a33e000 	/System/Library/PrivateFrameworks/FaceCore.framework/Versions/A/FaceCore
0x000000002a33e000 	/System/Library/Frameworks/OpenCL.framework/Versions/A/OpenCL
0x000000002a33e000 	/System/Library/Frameworks/OpenGL.framework/Versions/A/Libraries/libGLU.dylib
0x000000002a33e000 	/System/Library/Frameworks/OpenGL.framework/Versions/A/Libraries/libGFXShared.dylib
0x000000002a33e000 	/System/Library/Frameworks/OpenGL.framework/Versions/A/Libraries/libGL.dylib
0x000000002a33e000 	/System/Library/Frameworks/OpenGL.framework/Versions/A/Libraries/libGLImage.dylib
0x000000002a33e000 	/System/Library/Frameworks/OpenGL.framework/Versions/A/Libraries/libCVMSPluginSupport.dylib
0x000000002a33e000 	/System/Library/Frameworks/OpenGL.framework/Versions/A/Libraries/libCoreVMClient.dylib
0x000000002a33e000 	/System/Library/PrivateFrameworks/CrashReporterSupport.framework/Versions/A/CrashReporterSupport
0x000000002a33e000 	/System/Library/PrivateFrameworks/Sharing.framework/Versions/A/Sharing
0x000000002a33e000 	/System/Library/PrivateFrameworks/IconServices.framework/Versions/A/IconServices
0x000000002a33e000 	/System/Library/PrivateFrameworks/ProtocolBuffer.framework/Versions/A/ProtocolBuffer
0x000000002a33e000 	/System/Library/PrivateFrameworks/Apple80211.framework/Versions/A/Apple80211
0x000000002a33e000 	/System/Library/Frameworks/CoreWLAN.framework/Versions/A/CoreWLAN
0x000000002a33e000 	/System/Library/PrivateFrameworks/CoreUtils.framework/Versions/A/CoreUtils
0x000000002a33e000 	/System/Library/Frameworks/IOBluetooth.framework/Versions/A/IOBluetooth
0x000000002a33e000 	/System/Library/PrivateFrameworks/CoreWiFi.framework/Versions/A/CoreWiFi
0x000000002a33e000 	/System/Library/Frameworks/CoreBluetooth.framework/Versions/A/CoreBluetooth
0x000000002a33e000 	/System/Library/Frameworks/CoreDisplay.framework/Versions/A/CoreDisplay
0x000000002a33e000 	/System/Library/PrivateFrameworks/IOPresentment.framework/Versions/A/IOPresentment
0x000000002a33e000 	/System/Library/PrivateFrameworks/DebugSymbols.framework/Versions/A/DebugSymbols
0x000000002a33e000 	/System/Library/PrivateFrameworks/CoreSymbolication.framework/Versions/A/CoreSymbolication
0x000000002a33e000 	/System/Library/PrivateFrameworks/Symbolication.framework/Versions/A/Symbolication
0x000000002a33e000 	/System/Library/PrivateFrameworks/AppleFSCompression.framework/Versions/A/AppleFSCompression
0x000000002a33e000 	/System/Library/PrivateFrameworks/SpeechRecognitionCore.framework/Versions/A/SpeechRecognitionCore
0x000000002a33e000 	/System/Library/PrivateFrameworks/ChunkingLibrary.framework/Versions/A/ChunkingLibrary
0x0000000101400000 	/Library/Java/JavaVirtualMachines/jdk1.8.0_101.jdk/Contents/Home/jre/lib/server/libjvm.dylib
0x000000002a33e000 	/usr/lib/libstdc++.6.dylib
0x0000000100bba000 	/Library/Java/JavaVirtualMachines/jdk1.8.0_101.jdk/Contents/Home/jre/lib/libverify.dylib
0x0000000100bc8000 	/Library/Java/JavaVirtualMachines/jdk1.8.0_101.jdk/Contents/Home/jre/lib/libjava.dylib
0x00000001023a5000 	/Library/Java/JavaVirtualMachines/jdk1.8.0_101.jdk/Contents/Home/jre/lib/libzip.dylib
0x0000000104ce9000 	/System/Library/Frameworks/JavaVM.framework/Frameworks/JavaRuntimeSupport.framework/JavaRuntimeSupport
0x0000000104d03000 	/System/Library/Frameworks/JavaVM.framework/Versions/A/Frameworks/JavaNativeFoundation.framework/Versions/A/JavaNativeFoundation
0x0000000104d18000 	/System/Library/Frameworks/JavaVM.framework/Versions/A/JavaVM
0x000000002a33e000 	/System/Library/Frameworks/Carbon.framework/Versions/A/Carbon
0x0000000104d25000 	/System/Library/PrivateFrameworks/JavaLaunching.framework/Versions/A/JavaLaunching
0x000000002a33e000 	/System/Library/Frameworks/Carbon.framework/Versions/A/Frameworks/CommonPanels.framework/Versions/A/CommonPanels
0x000000002a33e000 	/System/Library/Frameworks/Carbon.framework/Versions/A/Frameworks/Help.framework/Versions/A/Help
0x000000002a33e000 	/System/Library/Frameworks/Carbon.framework/Versions/A/Frameworks/ImageCapture.framework/Versions/A/ImageCapture
0x000000002a33e000 	/System/Library/Frameworks/Carbon.framework/Versions/A/Frameworks/OpenScripting.framework/Versions/A/OpenScripting
0x000000002a33e000 	/System/Library/Frameworks/Carbon.framework/Versions/A/Frameworks/Print.framework/Versions/A/Print
0x000000002a33e000 	/System/Library/Frameworks/Carbon.framework/Versions/A/Frameworks/SecurityHI.framework/Versions/A/SecurityHI
0x0000000104d7b000 	/Library/Java/JavaVirtualMachines/jdk1.8.0_101.jdk/Contents/Home/jre/lib/libprism_es2.dylib
0x000000002a33e000 	/System/Library/Frameworks/OpenGL.framework/Versions/A/Resources/GLEngine.bundle/GLEngine
0x000000002a33e000 	/System/Library/Frameworks/OpenGL.framework/Versions/A/Libraries/libGLProgrammability.dylib
0x00000001197be000 	/System/Library/Extensions/AppleIntelBDWGraphicsGLDriver.bundle/Contents/MacOS/AppleIntelBDWGraphicsGLDriver
0x000000002a33e000 	/System/Library/PrivateFrameworks/GPUSupport.framework/Versions/A/Libraries/libGPUSupportMercury.dylib
0x000000002a33e000 	/System/Library/Frameworks/OpenGL.framework/Versions/A/Resources/GLRendererFloat.bundle/GLRendererFloat
0x000000002a33e000 	/System/Library/Frameworks/OpenCL.framework/Versions/A/Libraries/libcldcpuengine.dylib
0x000000002a33e000 	/usr/lib/libcrypto.0.9.8.dylib
0x000000002a33e000 	/System/Library/PrivateFrameworks/TrustEvaluationAgent.framework/Versions/A/TrustEvaluationAgent
0x000000011a324000 	/Library/Java/JavaVirtualMachines/jdk1.8.0_101.jdk/Contents/Home/jre/lib/libglass.dylib
0x000000002a33e000 	/System/Library/PrivateFrameworks/CoreServicesInternal.framework/Versions/A/CoreServicesInternal
0x000000002a33e000 	/System/Library/CoreServices/RawCamera.bundle/Contents/MacOS/RawCamera
0x000000002a33e000 	/System/Library/Frameworks/Accelerate.framework/Versions/A/Frameworks/vImage.framework/Versions/A/Libraries/libCGInterfaces.dylib
0x000000002a33e000 	/System/Library/PrivateFrameworks/FamilyControls.framework/Versions/A/FamilyControls
0x000000002a33e000 	/System/Library/PrivateFrameworks/CommerceKit.framework/Versions/A/Frameworks/CommerceCore.framework/Versions/A/CommerceCore
0x000000002a33e000 	/System/Library/PrivateFrameworks/SystemAdministration.framework/Versions/A/SystemAdministration
0x000000002a33e000 	/System/Library/PrivateFrameworks/AppContainer.framework/Versions/A/AppContainer
0x000000002a33e000 	/System/Library/PrivateFrameworks/SecCodeWrapper.framework/Versions/A/SecCodeWrapper
0x000000002a33e000 	/System/Library/Frameworks/DirectoryService.framework/Versions/A/DirectoryService
0x000000002a33e000 	/System/Library/PrivateFrameworks/DiskImages.framework/Versions/A/DiskImages
0x000000002a33e000 	/System/Library/PrivateFrameworks/LoginUIKit.framework/Versions/A/Frameworks/LoginUICore.framework/Versions/A/LoginUICore
0x000000002a33e000 	/usr/lib/libCoreStorage.dylib
0x000000002a33e000 	/usr/lib/libcsfde.dylib
0x000000002a33e000 	/usr/lib/libodfde.dylib
0x000000002a33e000 	/System/Library/Frameworks/DiscRecording.framework/Versions/A/DiscRecording
0x000000002a33e000 	/usr/lib/libcurl.4.dylib
0x000000002a33e000 	/System/Library/PrivateFrameworks/MediaKit.framework/Versions/A/MediaKit
0x000000002a33e000 	/System/Library/PrivateFrameworks/ProtectedCloudStorage.framework/Versions/A/ProtectedCloudStorage
0x000000002a33e000 	/System/Library/PrivateFrameworks/EFILogin.framework/Versions/A/EFILogin
0x000000002a33e000 	/usr/lib/libutil.dylib
0x000000002a33e000 	/System/Library/Frameworks/LDAP.framework/Versions/A/LDAP
0x000000002a33e000 	/usr/lib/libsasl2.2.dylib
0x000000002a33e000 	/System/Library/PrivateFrameworks/CoreDaemon.framework/Versions/B/CoreDaemon
0x000000002a33e000 	/System/Library/PrivateFrameworks/AppleSRP.framework/Versions/A/AppleSRP
0x000000002a33e000 	/System/Library/PrivateFrameworks/APFS.framework/Versions/A/APFS
0x000000011d26a000 	/Library/Java/JavaVirtualMachines/jdk1.8.0_101.jdk/Contents/Home/jre/lib/libjavafx_iio.dylib
0x000000011d32a000 	/Library/Java/JavaVirtualMachines/jdk1.8.0_101.jdk/Contents/Home/jre/lib/libglib-lite.dylib
0x000000011d44b000 	/Library/Java/JavaVirtualMachines/jdk1.8.0_101.jdk/Contents/Home/jre/lib/libgstreamer-lite.dylib
0x000000011d5c4000 	/Library/Java/JavaVirtualMachines/jdk1.8.0_101.jdk/Contents/Home/jre/lib/libjfxmedia.dylib
0x000000011d5ff000 	/Library/Java/JavaVirtualMachines/jdk1.8.0_101.jdk/Contents/Home/jre/lib/libjfxmedia_avf.dylib
0x000000002a33e000 	/System/Library/Frameworks/AVFoundation.framework/Versions/A/AVFoundation
0x000000002a33e000 	/System/Library/Frameworks/CoreMedia.framework/Versions/A/CoreMedia
0x000000002a33e000 	/System/Library/Frameworks/MediaToolbox.framework/Versions/A/MediaToolbox
0x000000002a33e000 	/System/Library/Frameworks/AVFoundation.framework/Versions/A/Frameworks/AVFAudio.framework/Versions/A/AVFAudio
0x000000002a33e000 	/System/Library/Frameworks/VideoToolbox.framework/Versions/A/VideoToolbox
0x000000002a33e000 	/System/Library/PrivateFrameworks/IntlPreferences.framework/Versions/A/IntlPreferences
0x000000002a33e000 	/System/Library/Frameworks/CoreMediaIO.framework/Versions/A/CoreMediaIO
0x000000002a33e000 	/usr/lib/libspindump.dylib
0x000000002a33e000 	/usr/lib/libdscsym.dylib
0x000000002a33e000 	/System/Library/PrivateFrameworks/CoreAVCHD.framework/Versions/A/CoreAVCHD
0x000000002a33e000 	/System/Library/Frameworks/MediaAccessibility.framework/Versions/A/MediaAccessibility
0x000000002a33e000 	/System/Library/PrivateFrameworks/Mangrove.framework/Versions/A/Mangrove
0x000000002a33e000 	/System/Library/PrivateFrameworks/CoreAUC.framework/Versions/A/CoreAUC
0x000000002a33e000 	/System/Library/PrivateFrameworks/AppleVA.framework/Versions/A/AppleVA
0x000000002a33e000 	/System/Library/PrivateFrameworks/XPCService.framework/Versions/A/XPCService
0x000000002a33e000 	/System/Library/PrivateFrameworks/AppSandbox.framework/Versions/A/AppSandbox
0x000000002a33e000 	/usr/lib/libsandbox.1.dylib
0x000000002a33e000 	/usr/lib/libMatch.1.dylib
0x000000011d634000 	/Library/Java/JavaVirtualMachines/jdk1.8.0_101.jdk/Contents/Home/jre/lib/libjfxmedia_qtkit.dylib
0x000000002a33e000 	/System/Library/Frameworks/QTKit.framework/Versions/A/QTKit
0x000000002a33e000 	/System/Library/PrivateFrameworks/CoreMediaAuthoring.framework/Versions/A/CoreMediaAuthoring
0x000000011d641000 	/Library/Java/JavaVirtualMachines/jdk1.8.0_101.jdk/Contents/Home/jre/lib/libfxplugins.dylib
0x000000011a49c000 	/System/Library/Frameworks/VideoDecodeAcceleration.framework/Versions/A/VideoDecodeAcceleration
0x000000011d66c000 	/Library/Java/JavaVirtualMachines/jdk1.8.0_101.jdk/Contents/Home/jre/lib/libnet.dylib
0x000000011d683000 	/Library/Java/JavaVirtualMachines/jdk1.8.0_101.jdk/Contents/Home/jre/lib/libnio.dylib
0x000000011d693000 	/System/Library/Extensions/AppleHDA.kext/Contents/PlugIns/AppleHDAHALPlugIn.bundle/Contents/MacOS/AppleHDAHALPlugIn
0x000000011d6c4000 	/System/Library/Components/CoreAudio.component/Contents/MacOS/CoreAudio
0x000000002a33e000 	/System/Library/PrivateFrameworks/AppleGVA.framework/Versions/A/AppleGVA
0x000000011da05000 	/System/Library/Components/AudioCodecs.component/Contents/MacOS/AudioCodecs
0x000000011e01a000 	/System/Library/Extensions/AppleIntelBDWGraphicsVADriver.bundle/Contents/MacOS/AppleIntelBDWGraphicsVADriver
0x000000011a6fb000 	/System/Library/Extensions/AppleIntelBDWGraphicsVAME.bundle/Contents/MacOS/AppleIntelBDWGraphicsVAME
0x000000012329b000 	/Library/Java/JavaVirtualMachines/jdk1.8.0_101.jdk/Contents/Home/jre/lib/libjavafx_font.dylib
0x000000002a33e000 	/System/Library/Frameworks/ApplicationServices.framework/Versions/A/Frameworks/ATS.framework/Versions/A/Resources/libTrueTypeScaler.dylib
0x0000000125da1000 	/System/Library/Extensions/AppleIntelBDWGraphicsMTLDriver.bundle/Contents/MacOS/AppleIntelBDWGraphicsMTLDriver
0x000000002a33e000 	/System/Library/PrivateFrameworks/ViewBridge.framework/Versions/A/ViewBridge
0x000000012622f000 	/Library/Java/JavaVirtualMachines/jdk1.8.0_101.jdk/Contents/Home/jre/lib/libprism_common.dylib

VM Arguments:
jvm_args: -Dfile.encoding=UTF-8 
java_command: /Users/gabrielalvarengadacruz/NetBeansProjects/JavaFXApplication2/dist/run424084792/ProjetoSmhfinal.jar
java_class_path (initial): /Users/gabrielalvarengadacruz/NetBeansProjects/JavaFXApplication2/dist/run424084792/ProjetoSmhfinal.jar
Launcher Type: SUN_STANDARD

Environment Variables:
PATH=/usr/bin:/bin:/usr/sbin:/sbin
LD_LIBRARY_PATH=/Library/Java/JavaVirtualMachines/jdk1.8.0_101.jdk/Contents/Home/jre/lib/amd64:/Library/Java/JavaVirtualMachines/jdk1.8.0_101.jdk/Contents/Home/jre/lib/i386:
SHELL=/bin/bash

Signal Handlers:
SIGSEGV: [libjvm.dylib+0x5af145], sa_mask[0]=11111111011111110111111111111111, sa_flags=SA_ONSTACK|SA_RESTART|SA_SIGINFO
SIGBUS: [libjvm.dylib+0x5af145], sa_mask[0]=11111111011111110111111111111111, sa_flags=SA_RESTART|SA_SIGINFO
SIGFPE: [libjvm.dylib+0x48694c], sa_mask[0]=11111111011111110111111111111111, sa_flags=SA_RESTART|SA_SIGINFO
SIGPIPE: [libjvm.dylib+0x48694c], sa_mask[0]=11111111011111110111111111111111, sa_flags=SA_RESTART|SA_SIGINFO
SIGXFSZ: [libjvm.dylib+0x48694c], sa_mask[0]=11111111011111110111111111111111, sa_flags=SA_RESTART|SA_SIGINFO
SIGILL: [libjvm.dylib+0x48694c], sa_mask[0]=11111111011111110111111111111111, sa_flags=SA_RESTART|SA_SIGINFO
SIGUSR1: SIG_DFL, sa_mask[0]=00000000000000000000000000000000, sa_flags=none
SIGUSR2: [libjvm.dylib+0x48646a], sa_mask[0]=00100000000000000000000000000000, sa_flags=SA_RESTART|SA_SIGINFO
SIGHUP: [libjvm.dylib+0x484a41], sa_mask[0]=11111111011111110111111111111111, sa_flags=SA_RESTART|SA_SIGINFO
SIGINT: SIG_IGN, sa_mask[0]=00000000000000000000000000000000, sa_flags=none
SIGTERM: [libjvm.dylib+0x484a41], sa_mask[0]=11111111011111110111111111111111, sa_flags=SA_RESTART|SA_SIGINFO
SIGQUIT: [libjvm.dylib+0x484a41], sa_mask[0]=11111111011111110111111111111111, sa_flags=SA_RESTART|SA_SIGINFO


---------------  S Y S T E M  ---------------

OS:Bsduname:Darwin 16.1.0 Darwin Kernel Version 16.1.0: Thu Oct 13 21:26:57 PDT 2016; root:xnu-3789.21.3~60/RELEASE_X86_64 x86_64
rlimit: STACK 8192k, CORE 0k, NPROC 709, NOFILE 10240, AS infinity
load average:1.64 1.65 1.72

CPU:total 4 (2 cores per cpu, 2 threads per core) family 6 model 61 stepping 4, cmov, cx8, fxsr, mmx, sse, sse2, sse3, ssse3, sse4.1, sse4.2, popcnt, avx, avx2, aes, clmul, erms, 3dnowpref, lzcnt, ht, tsc, tscinvbit, bmi1, bmi2, adx

Memory: 4k page, physical 8388608k(1788984k free)

/proc/meminfo:


vm_info: Java HotSpot(TM) 64-Bit Server VM (25.101-b13) for bsd-amd64 JRE (1.8.0_101-b13), built on Jun 22 2016 02:42:15 by "java_re" with gcc 4.2.1 (Based on Apple Inc. build 5658) (LLVM build 2336.11.00)

time: Mon Nov 21 06:31:05 2016
elapsed time: 10 seconds (0d 0h 0m 10s)

