#
# A fatal error has been detected by the Java Runtime Environment:
#
#  SIGSEGV (0xb) at pc=0x0000000000000000, pid=1003, tid=0x0000000000024137
#
# JRE version: Java(TM) SE Runtime Environment (8.0_101-b13) (build 1.8.0_101-b13)
# Java VM: Java HotSpot(TM) 64-Bit Server VM (25.101-b13 mixed mode bsd-amd64 compressed oops)
# Problematic frame:
# C  0x0000000000000000
#
# Failed to write core dump. Core dumps have been disabled. To enable core dumping, try "ulimit -c unlimited" before starting Java again
#
# If you would like to submit a bug report, please visit:
#   http://bugreport.java.com/bugreport/crash.jsp
#

---------------  T H R E A D  ---------------

Current thread is native thread

siginfo: si_signo: 11 (SIGSEGV), si_code: 1 (SEGV_MAPERR), si_addr: 0x0000000000000000

Registers:
RAX=0x0000000000000000, RBX=0x0000700004df7a54, RCX=0x00007ff352cc2420, RDX=0x00007ff352cdc770
RSP=0x0000700004df77a8, RBP=0x0000700004df7800, RSI=0x0000700004df7a54, RDI=0x00007ff3505e0d00
R8 =0x0000000000001000, R9 =0x0000700004df75b7, R10=0x000000010f471290, R11=0xfffffffffffe5cb0
R12=0x00007ff352cc7690, R13=0x00007ff352cdc770, R14=0x000000010f45683c, R15=0x0000000000001000
RIP=0x0000000000000000, EFLAGS=0x0000000000010206, ERR=0x0000000000000014
  TRAPNO=0x000000000000000e

Top of Stack: (sp=0x0000700004df77a8)
0x0000700004df77a8:   000000010f45fab2 0000000000000000
0x0000700004df77b8:   0000700004df7a54 0000000000000000
0x0000700004df77c8:   0000000000000000 0000000000000000
0x0000700004df77d8:   0000700004df7a54 00007ff352cc7690
0x0000700004df77e8:   00007ff352cdc6b0 00007ff352cd9b30
0x0000700004df77f8:   0000000000001000 0000700004df7850
0x0000700004df7808:   000000010f45a369 0000000000000000
0x0000700004df7818:   0000700004df7a78 0000000000000000
0x0000700004df7828:   0000000000009fe0 00007ff352cdc6b0
0x0000700004df7838:   00000000ffffffce 0000000000001000
0x0000700004df7848:   00007ff352cc7690 0000700004df78c0
0x0000700004df7858:   000000010f4589a1 00007ff352cd9b30
0x0000700004df7868:   00009fe09e50092d 0000700004df7a54
0x0000700004df7878:   0000700004df7a78 0000000004df78e0
0x0000700004df7888:   00007ff352cd9b30 00009fe000000000
0x0000700004df7898:   00000000ffffffce 0000700004df7a54
0x0000700004df78a8:   0000000000000000 0000000000001000
0x0000700004df78b8:   0000700004df7a78 0000700004df78e0
0x0000700004df78c8:   000000010f45c996 00000000fffffffc
0x0000700004df78d8:   00007ff356a085c0 0000700004df7920
0x0000700004df78e8:   000000010f45b777 00007ff356a085c0
0x0000700004df78f8:   0000700004df7a78 00007ff352cc6c90
0x0000700004df7908:   00000000ffffd584 0000700004df7a54
0x0000700004df7918:   0000000000001000 0000700004df7980
0x0000700004df7928:   000000010f45f8f0 0000000000000000
0x0000700004df7938:   0000700004df7a54 0000000000000000
0x0000700004df7948:   0000000000000000 0000000000000000
0x0000700004df7958:   0000700004df7a54 00007ff352cc6c90
0x0000700004df7968:   00007ff352ca7330 00007ff356910f38
0x0000700004df7978:   0000000000001000 0000700004df79d0
0x0000700004df7988:   000000010f45a369 0000000000000000
0x0000700004df7998:   0000700004df7a78 0000000000000000 

Instructions: (pc=0x0000000000000000)
0xffffffffffffffe0:   

Register to memory mapping:

RAX=0x0000000000000000 is an unknown value
RBX=0x0000700004df7a54 is an unknown value
RCX=0x00007ff352cc2420 is an unknown value
RDX=0x00007ff352cdc770 is an unknown value
RSP=0x0000700004df77a8 is an unknown value
RBP=0x0000700004df7800 is an unknown value
RSI=0x0000700004df7a54 is an unknown value
RDI=0x00007ff3505e0d00 is an unknown value
R8 =0x0000000000001000 is an unknown value
R9 =0x0000700004df75b7 is an unknown value
R10=0x000000010f471290: _ZTV18AVFEqualizerKernel+0x10 in /Library/Java/JavaVirtualMachines/jdk1.8.0_101.jdk/Contents/Home/jre/lib/libjfxmedia_avf.dylib at 0x000000010f44f000
R11=0xfffffffffffe5cb0 is an unknown value
R12=0x00007ff352cc7690 is an unknown value
R13=0x00007ff352cdc770 is an unknown value
R14=0x000000010f45683c: _ZN18AVFKernelComponent18ProcessBufferListsERjRK15AudioBufferListRS1_j+0 in /Library/Java/JavaVirtualMachines/jdk1.8.0_101.jdk/Contents/Home/jre/lib/libjfxmedia_avf.dylib at 0x000000010f44f000
R15=0x0000000000001000 is an unknown value


Stack: [0x0000700004d78000,0x0000700004df8000],  sp=0x0000700004df77a8,  free space=509k

---------------  P R O C E S S  ---------------

VM state:at safepoint (normal execution)

VM Mutex/Monitor currently owned by a thread:  ([mutex/lock_event])
[0x00007ff3506030c0] Threads_lock - owner thread: 0x00007ff351051800
[0x00007ff3506035c0] Heap_lock - owner thread: 0x00007ff357801000

Heap:
 PSYoungGen      total 429568K, used 133649K [0x0000000795580000, 0x00000007bf780000, 0x00000007c0000000)
  eden space 425984K, 31% used [0x0000000795580000,0x000000079d7e44b8,0x00000007af580000)
  from space 3584K, 3% used [0x00000007af580000,0x00000007af5a0000,0x00000007af900000)
  to   space 4096K, 0% used [0x00000007bf380000,0x00000007bf380000,0x00000007bf780000)
 ParOldGen       total 87552K, used 7158K [0x0000000740000000, 0x0000000745580000, 0x0000000795580000)
  object space 87552K, 8% used [0x0000000740000000,0x00000007406fda18,0x0000000745580000)
 Metaspace       used 14615K, capacity 15250K, committed 15488K, reserved 1062912K
  class space    used 1964K, capacity 2122K, committed 2176K, reserved 1048576K

Card table byte_map: [0x000000010375d000,0x0000000103b5e000] byte_map_base: 0x00000000ffd5d000

Marking Bits: (ParMarkBitMap*) 0x0000000102cedd20
 Begin Bits: [0x0000000103e09000, 0x0000000105e09000)
 End Bits:   [0x0000000105e09000, 0x0000000107e09000)

Polling page: 0x0000000101ad8000

CodeCache: size=245760Kb used=5685Kb max_used=5685Kb free=240074Kb
 bounds [0x000000011052e000, 0x0000000110abe000, 0x000000011f52e000]
 total_blobs=2555 nmethods=1918 adapters=550
 compilation: enabled

Compilation events (10 events):
Event: 12.938 Thread 0x00007ff35200f000 1915       3       java.util.ArrayList::indexOf (67 bytes)
Event: 12.938 Thread 0x00007ff35200f000 nmethod 1915 0x0000000110ab6cd0 code [0x0000000110ab6e80, 0x0000000110ab7368]
Event: 12.952 Thread 0x00007ff35200f000 1916       3       java.lang.invoke.MethodHandles$Lookup::getDirectMethodCommon (271 bytes)
Event: 12.953 Thread 0x00007ff35200f000 nmethod 1916 0x0000000110ab7590 code [0x0000000110ab78a0, 0x0000000110ab9338]
Event: 12.953 Thread 0x00007ff35200f000 1917       3       java.lang.invoke.MethodHandles$Lookup::checkMethod (83 bytes)
Event: 12.956 Thread 0x00007ff35200f000 nmethod 1917 0x0000000110ab9c50 code [0x0000000110ab9e40, 0x0000000110aba878]
Event: 12.956 Thread 0x00007ff35200f000 1918       3       sun.invoke.util.VerifyAccess::isMemberAccessible (261 bytes)
Event: 12.957 Thread 0x00007ff35200f000 nmethod 1918 0x0000000110ababd0 code [0x0000000110abaec0, 0x0000000110abc458]
Event: 12.975 Thread 0x00007ff35200f000 1919       3       sun.reflect.MagicAccessorImpl::<init> (5 bytes)
Event: 12.975 Thread 0x00007ff35200f000 nmethod 1919 0x0000000110abccd0 code [0x0000000110abce40, 0x0000000110abcff0]

GC Heap History (10 events):
Event: 1.838 GC heap before
{Heap before GC invocations=7 (full 0):
 PSYoungGen      total 136192K, used 135866K [0x0000000795580000, 0x000000079dd80000, 0x00000007c0000000)
  eden space 133120K, 100% used [0x0000000795580000,0x000000079d780000,0x000000079d780000)
  from space 3072K, 89% used [0x000000079da80000,0x000000079dd2ebc0,0x000000079dd80000)
  to   space 3072K, 0% used [0x000000079d780000,0x000000079d780000,0x000000079da80000)
 ParOldGen       total 87552K, used 40K [0x0000000740000000, 0x0000000745580000, 0x0000000795580000)
  object space 87552K, 0% used [0x0000000740000000,0x000000074000a000,0x0000000745580000)
 Metaspace       used 9082K, capacity 9384K, committed 9600K, reserved 1056768K
  class space    used 1189K, capacity 1293K, committed 1408K, reserved 1048576K
Event: 1.843 GC heap after
Heap after GC invocations=7 (full 0):
 PSYoungGen      total 136192K, used 160K [0x0000000795580000, 0x00000007a6080000, 0x00000007c0000000)
  eden space 133120K, 0% used [0x0000000795580000,0x0000000795580000,0x000000079d780000)
  from space 3072K, 5% used [0x000000079d780000,0x000000079d7a8000,0x000000079da80000)
  to   space 3584K, 0% used [0x00000007a5d00000,0x00000007a5d00000,0x00000007a6080000)
 ParOldGen       total 87552K, used 2691K [0x0000000740000000, 0x0000000745580000, 0x0000000795580000)
  object space 87552K, 3% used [0x0000000740000000,0x00000007402a0c20,0x0000000745580000)
 Metaspace       used 9082K, capacity 9384K, committed 9600K, reserved 1056768K
  class space    used 1189K, capacity 1293K, committed 1408K, reserved 1048576K
}
Event: 2.827 GC heap before
{Heap before GC invocations=8 (full 0):
 PSYoungGen      total 136192K, used 133280K [0x0000000795580000, 0x00000007a6080000, 0x00000007c0000000)
  eden space 133120K, 100% used [0x0000000795580000,0x000000079d780000,0x000000079d780000)
  from space 3072K, 5% used [0x000000079d780000,0x000000079d7a8000,0x000000079da80000)
  to   space 3584K, 0% used [0x00000007a5d00000,0x00000007a5d00000,0x00000007a6080000)
 ParOldGen       total 87552K, used 2691K [0x0000000740000000, 0x0000000745580000, 0x0000000795580000)
  object space 87552K, 3% used [0x0000000740000000,0x00000007402a0c20,0x0000000745580000)
 Metaspace       used 13100K, capacity 13550K, committed 13824K, reserved 1060864K
  class space    used 1825K, capacity 1970K, committed 2048K, reserved 1048576K
Event: 2.831 GC heap after
Heap after GC invocations=8 (full 0):
 PSYoungGen      total 269824K, used 1906K [0x0000000795580000, 0x00000007a6080000, 0x00000007c0000000)
  eden space 266240K, 0% used [0x0000000795580000,0x0000000795580000,0x00000007a5980000)
  from space 3584K, 53% used [0x00000007a5d00000,0x00000007a5edca80,0x00000007a6080000)
  to   space 3584K, 0% used [0x00000007a5980000,0x00000007a5980000,0x00000007a5d00000)
 ParOldGen       total 87552K, used 2723K [0x0000000740000000, 0x0000000745580000, 0x0000000795580000)
  object space 87552K, 3% used [0x0000000740000000,0x00000007402a8c20,0x0000000745580000)
 Metaspace       used 13100K, capacity 13550K, committed 13824K, reserved 1060864K
  class space    used 1825K, capacity 1970K, committed 2048K, reserved 1048576K
}
Event: 5.229 GC heap before
{Heap before GC invocations=9 (full 0):
 PSYoungGen      total 269824K, used 268146K [0x0000000795580000, 0x00000007a6080000, 0x00000007c0000000)
  eden space 266240K, 100% used [0x0000000795580000,0x00000007a5980000,0x00000007a5980000)
  from space 3584K, 53% used [0x00000007a5d00000,0x00000007a5edca80,0x00000007a6080000)
  to   space 3584K, 0% used [0x00000007a5980000,0x00000007a5980000,0x00000007a5d00000)
 ParOldGen       total 87552K, used 2723K [0x0000000740000000, 0x0000000745580000, 0x0000000795580000)
  object space 87552K, 3% used [0x0000000740000000,0x00000007402a8c20,0x0000000745580000)
 Metaspace       used 14123K, capacity 14656K, committed 14976K, reserved 1062912K
  class space    used 1946K, capacity 2101K, committed 2176K, reserved 1048576K
Event: 5.235 GC heap after
Heap after GC invocations=9 (full 0):
 PSYoungGen      total 269824K, used 3026K [0x0000000795580000, 0x00000007afc80000, 0x00000007c0000000)
  eden space 266240K, 0% used [0x0000000795580000,0x0000000795580000,0x00000007a5980000)
  from space 3584K, 84% used [0x00000007a5980000,0x00000007a5c74a90,0x00000007a5d00000)
  to   space 3584K, 0% used [0x00000007af900000,0x00000007af900000,0x00000007afc80000)
 ParOldGen       total 87552K, used 4123K [0x0000000740000000, 0x0000000745580000, 0x0000000795580000)
  object space 87552K, 4% used [0x0000000740000000,0x0000000740406c30,0x0000000745580000)
 Metaspace       used 14123K, capacity 14656K, committed 14976K, reserved 1062912K
  class space    used 1946K, capacity 2101K, committed 2176K, reserved 1048576K
}
Event: 8.266 GC heap before
{Heap before GC invocations=10 (full 0):
 PSYoungGen      total 269824K, used 269266K [0x0000000795580000, 0x00000007afc80000, 0x00000007c0000000)
  eden space 266240K, 100% used [0x0000000795580000,0x00000007a5980000,0x00000007a5980000)
  from space 3584K, 84% used [0x00000007a5980000,0x00000007a5c74a90,0x00000007a5d00000)
  to   space 3584K, 0% used [0x00000007af900000,0x00000007af900000,0x00000007afc80000)
 ParOldGen       total 87552K, used 4123K [0x0000000740000000, 0x0000000745580000, 0x0000000795580000)
  object space 87552K, 4% used [0x0000000740000000,0x0000000740406c30,0x0000000745580000)
 Metaspace       used 14368K, capacity 14944K, committed 15232K, reserved 1062912K
  class space    used 1955K, capacity 2111K, committed 2176K, reserved 1048576K
Event: 8.271 GC heap after
Heap after GC invocations=10 (full 0):
 PSYoungGen      total 429568K, used 1376K [0x0000000795580000, 0x00000007afc80000, 0x00000007c0000000)
  eden space 425984K, 0% used [0x0000000795580000,0x0000000795580000,0x00000007af580000)
  from space 3584K, 38% used [0x00000007af900000,0x00000007afa58010,0x00000007afc80000)
  to   space 3584K, 0% used [0x00000007af580000,0x00000007af580000,0x00000007af900000)
 ParOldGen       total 87552K, used 5878K [0x0000000740000000, 0x0000000745580000, 0x0000000795580000)
  object space 87552K, 6% used [0x0000000740000000,0x00000007405bd9f8,0x0000000745580000)
 Metaspace       used 14368K, capacity 14944K, committed 15232K, reserved 1062912K
  class space    used 1955K, capacity 2111K, committed 2176K, reserved 1048576K
}
Event: 11.863 GC heap before
{Heap before GC invocations=11 (full 0):
 PSYoungGen      total 429568K, used 427360K [0x0000000795580000, 0x00000007afc80000, 0x00000007c0000000)
  eden space 425984K, 100% used [0x0000000795580000,0x00000007af580000,0x00000007af580000)
  from space 3584K, 38% used [0x00000007af900000,0x00000007afa58010,0x00000007afc80000)
  to   space 3584K, 0% used [0x00000007af580000,0x00000007af580000,0x00000007af900000)
 ParOldGen       total 87552K, used 5878K [0x0000000740000000, 0x0000000745580000, 0x0000000795580000)
  object space 87552K, 6% used [0x0000000740000000,0x00000007405bd9f8,0x0000000745580000)
 Metaspace       used 14531K, capacity 15072K, committed 15232K, reserved 1062912K
  class space    used 1955K, capacity 2111K, committed 2176K, reserved 1048576K
Event: 11.866 GC heap after
Heap after GC invocations=11 (full 0):
 PSYoungGen      total 429568K, used 128K [0x0000000795580000, 0x00000007bf780000, 0x00000007c0000000)
  eden space 425984K, 0% used [0x0000000795580000,0x0000000795580000,0x00000007af580000)
  from space 3584K, 3% used [0x00000007af580000,0x00000007af5a0000,0x00000007af900000)
  to   space 4096K, 0% used [0x00000007bf380000,0x00000007bf380000,0x00000007bf780000)
 ParOldGen       total 87552K, used 7158K [0x0000000740000000, 0x0000000745580000, 0x0000000795580000)
  object space 87552K, 8% used [0x0000000740000000,0x00000007406fda18,0x0000000745580000)
 Metaspace       used 14531K, capacity 15072K, committed 15232K, reserved 1062912K
  class space    used 1955K, capacity 2111K, committed 2176K, reserved 1048576K
}

Deoptimization events (10 events):
Event: 2.194 Thread 0x00007ff35081d000 Uncommon trap: reason=class_check action=maybe_recompile pc=0x00000001107bc644 method=java.io.DataInputStream.readShort()S @ 4
Event: 2.195 Thread 0x00007ff35081d000 Uncommon trap: reason=class_check action=maybe_recompile pc=0x00000001107bc644 method=java.io.DataInputStream.readShort()S @ 4
Event: 2.195 Thread 0x00007ff35081d000 Uncommon trap: reason=class_check action=maybe_recompile pc=0x00000001107bc644 method=java.io.DataInputStream.readShort()S @ 4
Event: 2.202 Thread 0x00007ff35081d000 Uncommon trap: reason=class_check action=maybe_recompile pc=0x000000011064831c method=java.lang.String.equals(Ljava/lang/Object;)Z @ 8
Event: 2.202 Thread 0x00007ff35081d000 Uncommon trap: reason=class_check action=maybe_recompile pc=0x000000011064831c method=java.lang.String.equals(Ljava/lang/Object;)Z @ 8
Event: 2.202 Thread 0x00007ff35081d000 Uncommon trap: reason=class_check action=maybe_recompile pc=0x000000011064831c method=java.lang.String.equals(Ljava/lang/Object;)Z @ 8
Event: 2.206 Thread 0x00007ff35081d000 Uncommon trap: reason=class_check action=maybe_recompile pc=0x000000011064831c method=java.lang.String.equals(Ljava/lang/Object;)Z @ 8
Event: 2.454 Thread 0x00007ff35081d000 Uncommon trap: reason=unstable_if action=reinterpret pc=0x0000000110736320 method=java.lang.CharacterData.of(I)Ljava/lang/CharacterData; @ 4
Event: 4.199 Thread 0x00007ff35081d000 Uncommon trap: reason=unstable_if action=reinterpret pc=0x000000011083a544 method=jdk.internal.org.objectweb.asm.Type.getArgumentsAndReturnSizes(Ljava/lang/String;)I @ 47
Event: 13.030 Thread 0x00007ff35081d000 Uncommon trap: reason=unstable_if action=reinterpret pc=0x0000000110a544e4 method=java.util.concurrent.locks.ReentrantLock$Sync.tryRelease(I)Z @ 28

Internal exceptions (10 events):
Event: 1.436 Thread 0x00007ff35081d000 Exception <a 'java/lang/NullPointerException'> (0x00000007966bb210) thrown at [/HUDSON3/workspace/8-2-build-macosx-x86_64/jdk8u101/7261/hotspot/src/share/vm/interpreter/linkResolver.cpp, line 1280]
Event: 1.498 Thread 0x00007ff35081d000 Exception <a 'java/lang/NullPointerException'> (0x0000000795f6dfb8) thrown at [/HUDSON3/workspace/8-2-build-macosx-x86_64/jdk8u101/7261/hotspot/src/share/vm/interpreter/linkResolver.cpp, line 1280]
Event: 1.554 Thread 0x00007ff35081d000 Exception <a 'java/lang/NullPointerException'> (0x0000000795f76838) thrown at [/HUDSON3/workspace/8-2-build-macosx-x86_64/jdk8u101/7261/hotspot/src/share/vm/interpreter/linkResolver.cpp, line 1280]
Event: 1.632 Thread 0x00007ff35081d000 Exception <a 'java/lang/NullPointerException'> (0x000000079686ffc8) thrown at [/HUDSON3/workspace/8-2-build-macosx-x86_64/jdk8u101/7261/hotspot/src/share/vm/interpreter/linkResolver.cpp, line 1280]
Event: 1.689 Thread 0x00007ff35081d000 Exception <a 'java/lang/NullPointerException'> (0x00000007973f0d88) thrown at [/HUDSON3/workspace/8-2-build-macosx-x86_64/jdk8u101/7261/hotspot/src/share/vm/interpreter/linkResolver.cpp, line 1280]
Event: 1.749 Thread 0x00007ff35081d000 Exception <a 'java/lang/NullPointerException'> (0x0000000796c24158) thrown at [/HUDSON3/workspace/8-2-build-macosx-x86_64/jdk8u101/7261/hotspot/src/share/vm/interpreter/linkResolver.cpp, line 1280]
Event: 1.808 Thread 0x00007ff35081d000 Exception <a 'java/lang/NullPointerException'> (0x000000079682c240) thrown at [/HUDSON3/workspace/8-2-build-macosx-x86_64/jdk8u101/7261/hotspot/src/share/vm/interpreter/linkResolver.cpp, line 1280]
Event: 1.866 Thread 0x00007ff35081d000 Exception <a 'java/lang/NullPointerException'> (0x000000079596ef20) thrown at [/HUDSON3/workspace/8-2-build-macosx-x86_64/jdk8u101/7261/hotspot/src/share/vm/interpreter/linkResolver.cpp, line 1280]
Event: 1.938 Thread 0x00007ff35081d000 Exception <a 'java/lang/NullPointerException'> (0x000000079cbf2bf0) thrown at [/HUDSON3/workspace/8-2-build-macosx-x86_64/jdk8u101/7261/hotspot/src/share/vm/interpreter/linkResolver.cpp, line 1178]
Event: 1.938 Thread 0x00007ff35081d000 Exception <a 'java/lang/NullPointerException'> (0x000000079cbf2bf0) thrown at [/HUDSON3/workspace/8-2-build-macosx-x86_64/jdk8u101/7261/hotspot/src/share/vm/prims/jvm.cpp, line 1390]

Events (10 events):
Event: 13.031 Thread 0x00007ff357801000 Thread added: 0x00007ff357801000
Event: 13.032 Thread 0x00007ff35081d000 Thread exited: 0x00007ff35081d000
Event: 13.032 loading class java/util/IdentityHashMap$KeySet
Event: 13.032 loading class java/util/IdentityHashMap$KeySet done
Event: 13.032 loading class java/util/IdentityHashMap$KeyIterator
Event: 13.032 loading class java/util/IdentityHashMap$IdentityHashMapIterator
Event: 13.033 loading class java/util/IdentityHashMap$IdentityHashMapIterator done
Event: 13.033 loading class java/util/IdentityHashMap$KeyIterator done
Event: 13.033 Thread 0x00007ff357801000 Thread exited: 0x00007ff357801000
Event: 13.033 Thread 0x00007ff351058800 Thread exited: 0x00007ff351058800


Dynamic libraries:
0x000000002a33e000 	/System/Library/Frameworks/Cocoa.framework/Versions/A/Cocoa
0x000000002a33e000 	/System/Library/Frameworks/Security.framework/Versions/A/Security
0x000000002a33e000 	/System/Library/Frameworks/ApplicationServices.framework/Versions/A/ApplicationServices
0x000000002a33e000 	/usr/lib/libz.1.dylib
0x000000002a33e000 	/usr/lib/libSystem.B.dylib
0x000000002a33e000 	/usr/lib/libobjc.A.dylib
0x000000002a33e000 	/System/Library/Frameworks/CoreFoundation.framework/Versions/A/CoreFoundation
0x000000002a33e000 	/System/Library/Frameworks/Foundation.framework/Versions/C/Foundation
0x000000002a33e000 	/System/Library/Frameworks/AppKit.framework/Versions/C/AppKit
0x000000002a33e000 	/System/Library/Frameworks/CoreData.framework/Versions/A/CoreData
0x000000002a33e000 	/System/Library/PrivateFrameworks/RemoteViewServices.framework/Versions/A/RemoteViewServices
0x000000002a33e000 	/System/Library/PrivateFrameworks/UIFoundation.framework/Versions/A/UIFoundation
0x000000002a33e000 	/usr/lib/libenergytrace.dylib
0x000000002a33e000 	/System/Library/PrivateFrameworks/SkyLight.framework/Versions/A/SkyLight
0x000000002a33e000 	/System/Library/Frameworks/CoreGraphics.framework/Versions/A/CoreGraphics
0x000000002a33e000 	/usr/lib/libScreenReader.dylib
0x000000002a33e000 	/System/Library/Frameworks/Accelerate.framework/Versions/A/Accelerate
0x000000002a33e000 	/System/Library/Frameworks/IOSurface.framework/Versions/A/IOSurface
0x000000002a33e000 	/System/Library/Frameworks/AudioToolbox.framework/Versions/A/AudioToolbox
0x000000002a33e000 	/System/Library/Frameworks/AudioUnit.framework/Versions/A/AudioUnit
0x000000002a33e000 	/System/Library/PrivateFrameworks/DataDetectorsCore.framework/Versions/A/DataDetectorsCore
0x000000002a33e000 	/System/Library/PrivateFrameworks/DesktopServicesPriv.framework/Versions/A/DesktopServicesPriv
0x000000002a33e000 	/System/Library/Frameworks/Carbon.framework/Versions/A/Frameworks/HIToolbox.framework/Versions/A/HIToolbox
0x000000002a33e000 	/usr/lib/libicucore.A.dylib
0x000000002a33e000 	/System/Library/Frameworks/QuartzCore.framework/Versions/A/QuartzCore
0x000000002a33e000 	/System/Library/Frameworks/Carbon.framework/Versions/A/Frameworks/SpeechRecognition.framework/Versions/A/SpeechRecognition
0x000000002a33e000 	/usr/lib/libauto.dylib
0x000000002a33e000 	/usr/lib/libxml2.2.dylib
0x000000002a33e000 	/System/Library/PrivateFrameworks/CoreUI.framework/Versions/A/CoreUI
0x000000002a33e000 	/System/Library/Frameworks/CoreAudio.framework/Versions/A/CoreAudio
0x000000002a33e000 	/System/Library/Frameworks/DiskArbitration.framework/Versions/A/DiskArbitration
0x000000002a33e000 	/usr/lib/liblangid.dylib
0x000000002a33e000 	/System/Library/PrivateFrameworks/MultitouchSupport.framework/Versions/A/MultitouchSupport
0x000000002a33e000 	/System/Library/Frameworks/IOKit.framework/Versions/A/IOKit
0x000000002a33e000 	/usr/lib/libDiagnosticMessagesClient.dylib
0x000000002a33e000 	/System/Library/Frameworks/CoreServices.framework/Versions/A/CoreServices
0x000000002a33e000 	/System/Library/PrivateFrameworks/PerformanceAnalysis.framework/Versions/A/PerformanceAnalysis
0x000000002a33e000 	/System/Library/PrivateFrameworks/GenerationalStorage.framework/Versions/A/GenerationalStorage
0x000000002a33e000 	/System/Library/Frameworks/OpenGL.framework/Versions/A/OpenGL
0x000000002a33e000 	/System/Library/Frameworks/CoreImage.framework/Versions/A/CoreImage
0x000000002a33e000 	/System/Library/Frameworks/CoreText.framework/Versions/A/CoreText
0x000000002a33e000 	/System/Library/Frameworks/ImageIO.framework/Versions/A/ImageIO
0x000000002a33e000 	/System/Library/PrivateFrameworks/Backup.framework/Versions/A/Backup
0x000000002a33e000 	/usr/lib/libarchive.2.dylib
0x000000002a33e000 	/System/Library/Frameworks/CFNetwork.framework/Versions/A/CFNetwork
0x000000002a33e000 	/System/Library/Frameworks/SystemConfiguration.framework/Versions/A/SystemConfiguration
0x000000002a33e000 	/usr/lib/libCRFSuite.dylib
0x000000002a33e000 	/usr/lib/libc++.1.dylib
0x000000002a33e000 	/usr/lib/libc++abi.dylib
0x000000002a33e000 	/usr/lib/system/libcache.dylib
0x000000002a33e000 	/usr/lib/system/libcommonCrypto.dylib
0x000000002a33e000 	/usr/lib/system/libcompiler_rt.dylib
0x000000002a33e000 	/usr/lib/system/libcopyfile.dylib
0x000000002a33e000 	/usr/lib/system/libcorecrypto.dylib
0x000000002a33e000 	/usr/lib/system/libdispatch.dylib
0x000000002a33e000 	/usr/lib/system/libdyld.dylib
0x000000002a33e000 	/usr/lib/system/libkeymgr.dylib
0x000000002a33e000 	/usr/lib/system/liblaunch.dylib
0x000000002a33e000 	/usr/lib/system/libmacho.dylib
0x000000002a33e000 	/usr/lib/system/libquarantine.dylib
0x000000002a33e000 	/usr/lib/system/libremovefile.dylib
0x000000002a33e000 	/usr/lib/system/libsystem_asl.dylib
0x000000002a33e000 	/usr/lib/system/libsystem_blocks.dylib
0x000000002a33e000 	/usr/lib/system/libsystem_c.dylib
0x000000002a33e000 	/usr/lib/system/libsystem_configuration.dylib
0x000000002a33e000 	/usr/lib/system/libsystem_coreservices.dylib
0x000000002a33e000 	/usr/lib/system/libsystem_coretls.dylib
0x000000002a33e000 	/usr/lib/system/libsystem_dnssd.dylib
0x000000002a33e000 	/usr/lib/system/libsystem_info.dylib
0x000000002a33e000 	/usr/lib/system/libsystem_kernel.dylib
0x000000002a33e000 	/usr/lib/system/libsystem_m.dylib
0x000000002a33e000 	/usr/lib/system/libsystem_malloc.dylib
0x000000002a33e000 	/usr/lib/system/libsystem_network.dylib
0x000000002a33e000 	/usr/lib/system/libsystem_networkextension.dylib
0x000000002a33e000 	/usr/lib/system/libsystem_notify.dylib
0x000000002a33e000 	/usr/lib/system/libsystem_platform.dylib
0x000000002a33e000 	/usr/lib/system/libsystem_pthread.dylib
0x000000002a33e000 	/usr/lib/system/libsystem_sandbox.dylib
0x000000002a33e000 	/usr/lib/system/libsystem_secinit.dylib
0x000000002a33e000 	/usr/lib/system/libsystem_symptoms.dylib
0x000000002a33e000 	/usr/lib/system/libsystem_trace.dylib
0x000000002a33e000 	/usr/lib/system/libunwind.dylib
0x000000002a33e000 	/usr/lib/system/libxpc.dylib
0x000000002a33e000 	/usr/lib/libbsm.0.dylib
0x000000002a33e000 	/usr/lib/system/libkxld.dylib
0x000000002a33e000 	/usr/lib/libcoretls.dylib
0x000000002a33e000 	/usr/lib/libcoretls_cfhelpers.dylib
0x000000002a33e000 	/usr/lib/libxar.1.dylib
0x000000002a33e000 	/usr/lib/libsqlite3.dylib
0x000000002a33e000 	/usr/lib/libpam.2.dylib
0x000000002a33e000 	/usr/lib/libOpenScriptingUtil.dylib
0x000000002a33e000 	/usr/lib/libbz2.1.0.dylib
0x000000002a33e000 	/usr/lib/liblzma.5.dylib
0x000000002a33e000 	/usr/lib/libnetwork.dylib
0x000000002a33e000 	/usr/lib/libpcap.A.dylib
0x000000002a33e000 	/System/Library/Frameworks/CoreServices.framework/Versions/A/Frameworks/FSEvents.framework/Versions/A/FSEvents
0x000000002a33e000 	/System/Library/Frameworks/CoreServices.framework/Versions/A/Frameworks/CarbonCore.framework/Versions/A/CarbonCore
0x000000002a33e000 	/System/Library/Frameworks/CoreServices.framework/Versions/A/Frameworks/Metadata.framework/Versions/A/Metadata
0x000000002a33e000 	/System/Library/Frameworks/CoreServices.framework/Versions/A/Frameworks/OSServices.framework/Versions/A/OSServices
0x000000002a33e000 	/System/Library/Frameworks/CoreServices.framework/Versions/A/Frameworks/SearchKit.framework/Versions/A/SearchKit
0x000000002a33e000 	/System/Library/Frameworks/CoreServices.framework/Versions/A/Frameworks/AE.framework/Versions/A/AE
0x000000002a33e000 	/System/Library/Frameworks/CoreServices.framework/Versions/A/Frameworks/LaunchServices.framework/Versions/A/LaunchServices
0x000000002a33e000 	/System/Library/Frameworks/CoreServices.framework/Versions/A/Frameworks/DictionaryServices.framework/Versions/A/DictionaryServices
0x000000002a33e000 	/System/Library/Frameworks/CoreServices.framework/Versions/A/Frameworks/SharedFileList.framework/Versions/A/SharedFileList
0x000000002a33e000 	/System/Library/Frameworks/NetFS.framework/Versions/A/NetFS
0x000000002a33e000 	/System/Library/PrivateFrameworks/NetAuth.framework/Versions/A/NetAuth
0x000000002a33e000 	/System/Library/PrivateFrameworks/login.framework/Versions/A/Frameworks/loginsupport.framework/Versions/A/loginsupport
0x000000002a33e000 	/System/Library/PrivateFrameworks/TCC.framework/Versions/A/TCC
0x000000002a33e000 	/usr/lib/libmecabra.dylib
0x000000002a33e000 	/System/Library/Frameworks/ApplicationServices.framework/Versions/A/Frameworks/ATS.framework/Versions/A/ATS
0x000000002a33e000 	/System/Library/Frameworks/ApplicationServices.framework/Versions/A/Frameworks/ColorSync.framework/Versions/A/ColorSync
0x000000002a33e000 	/System/Library/Frameworks/ApplicationServices.framework/Versions/A/Frameworks/HIServices.framework/Versions/A/HIServices
0x000000002a33e000 	/System/Library/Frameworks/ApplicationServices.framework/Versions/A/Frameworks/LangAnalysis.framework/Versions/A/LangAnalysis
0x000000002a33e000 	/System/Library/Frameworks/ApplicationServices.framework/Versions/A/Frameworks/PrintCore.framework/Versions/A/PrintCore
0x000000002a33e000 	/System/Library/Frameworks/ApplicationServices.framework/Versions/A/Frameworks/QD.framework/Versions/A/QD
0x000000002a33e000 	/System/Library/Frameworks/ApplicationServices.framework/Versions/A/Frameworks/SpeechSynthesis.framework/Versions/A/SpeechSynthesis
0x000000002a33e000 	/System/Library/Frameworks/Accelerate.framework/Versions/A/Frameworks/vImage.framework/Versions/A/vImage
0x000000002a33e000 	/System/Library/Frameworks/Accelerate.framework/Versions/A/Frameworks/vecLib.framework/Versions/A/vecLib
0x000000002a33e000 	/System/Library/Frameworks/Accelerate.framework/Versions/A/Frameworks/vecLib.framework/Versions/A/libvDSP.dylib
0x000000002a33e000 	/System/Library/Frameworks/Accelerate.framework/Versions/A/Frameworks/vecLib.framework/Versions/A/libBNNS.dylib
0x000000002a33e000 	/System/Library/Frameworks/Accelerate.framework/Versions/A/Frameworks/vecLib.framework/Versions/A/libQuadrature.dylib
0x000000002a33e000 	/System/Library/Frameworks/Accelerate.framework/Versions/A/Frameworks/vecLib.framework/Versions/A/libvMisc.dylib
0x000000002a33e000 	/System/Library/Frameworks/Accelerate.framework/Versions/A/Frameworks/vecLib.framework/Versions/A/libLAPACK.dylib
0x000000002a33e000 	/System/Library/Frameworks/Accelerate.framework/Versions/A/Frameworks/vecLib.framework/Versions/A/libBLAS.dylib
0x000000002a33e000 	/System/Library/Frameworks/Accelerate.framework/Versions/A/Frameworks/vecLib.framework/Versions/A/libLinearAlgebra.dylib
0x000000002a33e000 	/System/Library/Frameworks/Accelerate.framework/Versions/A/Frameworks/vecLib.framework/Versions/A/libSparseBLAS.dylib
0x000000002a33e000 	/System/Library/Frameworks/ApplicationServices.framework/Versions/A/Frameworks/ATS.framework/Versions/A/Resources/libFontParser.dylib
0x000000002a33e000 	/System/Library/Frameworks/ApplicationServices.framework/Versions/A/Frameworks/ATS.framework/Versions/A/Resources/libFontRegistry.dylib
0x000000002a33e000 	/System/Library/Frameworks/ImageIO.framework/Versions/A/Resources/libJPEG.dylib
0x000000002a33e000 	/System/Library/Frameworks/ImageIO.framework/Versions/A/Resources/libTIFF.dylib
0x000000002a33e000 	/System/Library/Frameworks/ImageIO.framework/Versions/A/Resources/libPng.dylib
0x000000002a33e000 	/System/Library/Frameworks/ImageIO.framework/Versions/A/Resources/libGIF.dylib
0x000000002a33e000 	/System/Library/Frameworks/ImageIO.framework/Versions/A/Resources/libJP2.dylib
0x000000002a33e000 	/System/Library/Frameworks/ImageIO.framework/Versions/A/Resources/libRadiance.dylib
0x000000002a33e000 	/usr/lib/libcompression.dylib
0x000000002a33e000 	/System/Library/PrivateFrameworks/AppleJPEG.framework/Versions/A/AppleJPEG
0x000000002a33e000 	/usr/lib/libcups.2.dylib
0x000000002a33e000 	/System/Library/Frameworks/Kerberos.framework/Versions/A/Kerberos
0x000000002a33e000 	/System/Library/Frameworks/GSS.framework/Versions/A/GSS
0x000000002a33e000 	/usr/lib/libresolv.9.dylib
0x000000002a33e000 	/usr/lib/libiconv.2.dylib
0x000000002a33e000 	/System/Library/PrivateFrameworks/Heimdal.framework/Versions/A/Heimdal
0x000000002a33e000 	/usr/lib/libheimdal-asn1.dylib
0x000000002a33e000 	/System/Library/Frameworks/OpenDirectory.framework/Versions/A/OpenDirectory
0x000000002a33e000 	/System/Library/PrivateFrameworks/CommonAuth.framework/Versions/A/CommonAuth
0x000000002a33e000 	/System/Library/Frameworks/OpenDirectory.framework/Versions/A/Frameworks/CFOpenDirectory.framework/Versions/A/CFOpenDirectory
0x000000002a33e000 	/System/Library/Frameworks/SecurityFoundation.framework/Versions/A/SecurityFoundation
0x000000002a33e000 	/System/Library/PrivateFrameworks/LanguageModeling.framework/Versions/A/LanguageModeling
0x000000002a33e000 	/usr/lib/libmarisa.dylib
0x000000002a33e000 	/usr/lib/libChineseTokenizer.dylib
0x000000002a33e000 	/usr/lib/libcmph.dylib
0x000000002a33e000 	/System/Library/PrivateFrameworks/CoreEmoji.framework/Versions/A/CoreEmoji
0x000000002a33e000 	/System/Library/Frameworks/ServiceManagement.framework/Versions/A/ServiceManagement
0x000000002a33e000 	/usr/lib/libxslt.1.dylib
0x000000002a33e000 	/System/Library/Frameworks/Carbon.framework/Versions/A/Frameworks/Ink.framework/Versions/A/Ink
0x000000002a33e000 	/System/Library/PrivateFrameworks/TextureIO.framework/Versions/A/TextureIO
0x000000002a33e000 	/System/Library/Frameworks/Metal.framework/Versions/A/Metal
0x000000002a33e000 	/usr/lib/libate.dylib
0x000000002a33e000 	/System/Library/PrivateFrameworks/GPUCompiler.framework/libmetal_timestamp.dylib
0x000000002a33e000 	/System/Library/Frameworks/OpenGL.framework/Versions/A/Libraries/libCoreFSCache.dylib
0x000000002a33e000 	/System/Library/PrivateFrameworks/IOAccelerator.framework/Versions/A/IOAccelerator
0x000000002a33e000 	/System/Library/Frameworks/CoreVideo.framework/Versions/A/CoreVideo
0x000000002a33e000 	/usr/lib/libFosl_dynamic.dylib
0x000000002a33e000 	/System/Library/PrivateFrameworks/MetalPerformanceShaders.framework/Versions/A/MetalPerformanceShaders
0x000000002a33e000 	/System/Library/PrivateFrameworks/FaceCore.framework/Versions/A/FaceCore
0x000000002a33e000 	/System/Library/Frameworks/OpenCL.framework/Versions/A/OpenCL
0x000000002a33e000 	/System/Library/Frameworks/OpenGL.framework/Versions/A/Libraries/libGLU.dylib
0x000000002a33e000 	/System/Library/Frameworks/OpenGL.framework/Versions/A/Libraries/libGFXShared.dylib
0x000000002a33e000 	/System/Library/Frameworks/OpenGL.framework/Versions/A/Libraries/libGL.dylib
0x000000002a33e000 	/System/Library/Frameworks/OpenGL.framework/Versions/A/Libraries/libGLImage.dylib
0x000000002a33e000 	/System/Library/Frameworks/OpenGL.framework/Versions/A/Libraries/libCVMSPluginSupport.dylib
0x000000002a33e000 	/System/Library/Frameworks/OpenGL.framework/Versions/A/Libraries/libCoreVMClient.dylib
0x000000002a33e000 	/System/Library/PrivateFrameworks/CrashReporterSupport.framework/Versions/A/CrashReporterSupport
0x000000002a33e000 	/System/Library/PrivateFrameworks/Sharing.framework/Versions/A/Sharing
0x000000002a33e000 	/System/Library/PrivateFrameworks/IconServices.framework/Versions/A/IconServices
0x000000002a33e000 	/System/Library/PrivateFrameworks/ProtocolBuffer.framework/Versions/A/ProtocolBuffer
0x000000002a33e000 	/System/Library/PrivateFrameworks/Apple80211.framework/Versions/A/Apple80211
0x000000002a33e000 	/System/Library/Frameworks/CoreWLAN.framework/Versions/A/CoreWLAN
0x000000002a33e000 	/System/Library/PrivateFrameworks/CoreUtils.framework/Versions/A/CoreUtils
0x000000002a33e000 	/System/Library/Frameworks/IOBluetooth.framework/Versions/A/IOBluetooth
0x000000002a33e000 	/System/Library/PrivateFrameworks/CoreWiFi.framework/Versions/A/CoreWiFi
0x000000002a33e000 	/System/Library/Frameworks/CoreBluetooth.framework/Versions/A/CoreBluetooth
0x000000002a33e000 	/System/Library/Frameworks/CoreDisplay.framework/Versions/A/CoreDisplay
0x000000002a33e000 	/System/Library/PrivateFrameworks/IOPresentment.framework/Versions/A/IOPresentment
0x000000002a33e000 	/System/Library/PrivateFrameworks/DebugSymbols.framework/Versions/A/DebugSymbols
0x000000002a33e000 	/System/Library/PrivateFrameworks/CoreSymbolication.framework/Versions/A/CoreSymbolication
0x000000002a33e000 	/System/Library/PrivateFrameworks/Symbolication.framework/Versions/A/Symbolication
0x000000002a33e000 	/System/Library/PrivateFrameworks/AppleFSCompression.framework/Versions/A/AppleFSCompression
0x000000002a33e000 	/System/Library/PrivateFrameworks/SpeechRecognitionCore.framework/Versions/A/SpeechRecognitionCore
0x000000002a33e000 	/System/Library/PrivateFrameworks/ChunkingLibrary.framework/Versions/A/ChunkingLibrary
0x0000000102400000 	/Library/Java/JavaVirtualMachines/jdk1.8.0_101.jdk/Contents/Home/jre/lib/server/libjvm.dylib
0x000000002a33e000 	/usr/lib/libstdc++.6.dylib
0x0000000101a95000 	/Library/Java/JavaVirtualMachines/jdk1.8.0_101.jdk/Contents/Home/jre/lib/libverify.dylib
0x0000000101aa3000 	/Library/Java/JavaVirtualMachines/jdk1.8.0_101.jdk/Contents/Home/jre/lib/libjava.dylib
0x0000000101ae2000 	/Library/Java/JavaVirtualMachines/jdk1.8.0_101.jdk/Contents/Home/jre/lib/libzip.dylib
0x0000000101be4000 	/System/Library/Frameworks/JavaVM.framework/Frameworks/JavaRuntimeSupport.framework/JavaRuntimeSupport
0x0000000109bdf000 	/System/Library/Frameworks/JavaVM.framework/Versions/A/Frameworks/JavaNativeFoundation.framework/Versions/A/JavaNativeFoundation
0x0000000109bf4000 	/System/Library/Frameworks/JavaVM.framework/Versions/A/JavaVM
0x000000002a33e000 	/System/Library/Frameworks/Carbon.framework/Versions/A/Carbon
0x0000000109c01000 	/System/Library/PrivateFrameworks/JavaLaunching.framework/Versions/A/JavaLaunching
0x000000002a33e000 	/System/Library/Frameworks/Carbon.framework/Versions/A/Frameworks/CommonPanels.framework/Versions/A/CommonPanels
0x000000002a33e000 	/System/Library/Frameworks/Carbon.framework/Versions/A/Frameworks/Help.framework/Versions/A/Help
0x000000002a33e000 	/System/Library/Frameworks/Carbon.framework/Versions/A/Frameworks/ImageCapture.framework/Versions/A/ImageCapture
0x000000002a33e000 	/System/Library/Frameworks/Carbon.framework/Versions/A/Frameworks/OpenScripting.framework/Versions/A/OpenScripting
0x000000002a33e000 	/System/Library/Frameworks/Carbon.framework/Versions/A/Frameworks/Print.framework/Versions/A/Print
0x000000002a33e000 	/System/Library/Frameworks/Carbon.framework/Versions/A/Frameworks/SecurityHI.framework/Versions/A/SecurityHI
0x000000010b5a2000 	/Library/Java/JavaVirtualMachines/jdk1.8.0_101.jdk/Contents/Home/jre/lib/libprism_es2.dylib
0x000000002a33e000 	/System/Library/Frameworks/OpenGL.framework/Versions/A/Resources/GLEngine.bundle/GLEngine
0x000000002a33e000 	/System/Library/Frameworks/OpenGL.framework/Versions/A/Libraries/libGLProgrammability.dylib
0x000000010b608000 	/System/Library/Extensions/AppleIntelBDWGraphicsGLDriver.bundle/Contents/MacOS/AppleIntelBDWGraphicsGLDriver
0x000000002a33e000 	/System/Library/PrivateFrameworks/GPUSupport.framework/Versions/A/Libraries/libGPUSupportMercury.dylib
0x000000002a33e000 	/System/Library/Frameworks/OpenGL.framework/Versions/A/Resources/GLRendererFloat.bundle/GLRendererFloat
0x000000002a33e000 	/System/Library/Frameworks/OpenCL.framework/Versions/A/Libraries/libcldcpuengine.dylib
0x000000002a33e000 	/usr/lib/libcrypto.0.9.8.dylib
0x000000002a33e000 	/System/Library/PrivateFrameworks/TrustEvaluationAgent.framework/Versions/A/TrustEvaluationAgent
0x000000010c174000 	/Library/Java/JavaVirtualMachines/jdk1.8.0_101.jdk/Contents/Home/jre/lib/libglass.dylib
0x000000002a33e000 	/System/Library/PrivateFrameworks/CoreServicesInternal.framework/Versions/A/CoreServicesInternal
0x000000002a33e000 	/System/Library/CoreServices/RawCamera.bundle/Contents/MacOS/RawCamera
0x000000002a33e000 	/System/Library/Frameworks/Accelerate.framework/Versions/A/Frameworks/vImage.framework/Versions/A/Libraries/libCGInterfaces.dylib
0x000000002a33e000 	/System/Library/PrivateFrameworks/FamilyControls.framework/Versions/A/FamilyControls
0x000000002a33e000 	/System/Library/PrivateFrameworks/CommerceKit.framework/Versions/A/Frameworks/CommerceCore.framework/Versions/A/CommerceCore
0x000000002a33e000 	/System/Library/PrivateFrameworks/SystemAdministration.framework/Versions/A/SystemAdministration
0x000000002a33e000 	/System/Library/PrivateFrameworks/AppContainer.framework/Versions/A/AppContainer
0x000000002a33e000 	/System/Library/PrivateFrameworks/SecCodeWrapper.framework/Versions/A/SecCodeWrapper
0x000000002a33e000 	/System/Library/Frameworks/DirectoryService.framework/Versions/A/DirectoryService
0x000000002a33e000 	/System/Library/PrivateFrameworks/DiskImages.framework/Versions/A/DiskImages
0x000000002a33e000 	/System/Library/PrivateFrameworks/LoginUIKit.framework/Versions/A/Frameworks/LoginUICore.framework/Versions/A/LoginUICore
0x000000002a33e000 	/usr/lib/libCoreStorage.dylib
0x000000002a33e000 	/usr/lib/libcsfde.dylib
0x000000002a33e000 	/usr/lib/libodfde.dylib
0x000000002a33e000 	/System/Library/Frameworks/DiscRecording.framework/Versions/A/DiscRecording
0x000000002a33e000 	/usr/lib/libcurl.4.dylib
0x000000002a33e000 	/System/Library/PrivateFrameworks/MediaKit.framework/Versions/A/MediaKit
0x000000002a33e000 	/System/Library/PrivateFrameworks/ProtectedCloudStorage.framework/Versions/A/ProtectedCloudStorage
0x000000002a33e000 	/System/Library/PrivateFrameworks/EFILogin.framework/Versions/A/EFILogin
0x000000002a33e000 	/usr/lib/libutil.dylib
0x000000002a33e000 	/System/Library/Frameworks/LDAP.framework/Versions/A/LDAP
0x000000002a33e000 	/usr/lib/libsasl2.2.dylib
0x000000002a33e000 	/System/Library/PrivateFrameworks/CoreDaemon.framework/Versions/B/CoreDaemon
0x000000002a33e000 	/System/Library/PrivateFrameworks/AppleSRP.framework/Versions/A/AppleSRP
0x000000002a33e000 	/System/Library/PrivateFrameworks/APFS.framework/Versions/A/APFS
0x000000010f0ba000 	/Library/Java/JavaVirtualMachines/jdk1.8.0_101.jdk/Contents/Home/jre/lib/libjavafx_iio.dylib
0x000000010f17a000 	/Library/Java/JavaVirtualMachines/jdk1.8.0_101.jdk/Contents/Home/jre/lib/libglib-lite.dylib
0x000000010f29b000 	/Library/Java/JavaVirtualMachines/jdk1.8.0_101.jdk/Contents/Home/jre/lib/libgstreamer-lite.dylib
0x000000010f414000 	/Library/Java/JavaVirtualMachines/jdk1.8.0_101.jdk/Contents/Home/jre/lib/libjfxmedia.dylib
0x000000010f44f000 	/Library/Java/JavaVirtualMachines/jdk1.8.0_101.jdk/Contents/Home/jre/lib/libjfxmedia_avf.dylib
0x000000002a33e000 	/System/Library/Frameworks/AVFoundation.framework/Versions/A/AVFoundation
0x000000002a33e000 	/System/Library/Frameworks/CoreMedia.framework/Versions/A/CoreMedia
0x000000002a33e000 	/System/Library/Frameworks/MediaToolbox.framework/Versions/A/MediaToolbox
0x000000002a33e000 	/System/Library/Frameworks/AVFoundation.framework/Versions/A/Frameworks/AVFAudio.framework/Versions/A/AVFAudio
0x000000002a33e000 	/System/Library/Frameworks/VideoToolbox.framework/Versions/A/VideoToolbox
0x000000002a33e000 	/System/Library/PrivateFrameworks/IntlPreferences.framework/Versions/A/IntlPreferences
0x000000002a33e000 	/System/Library/Frameworks/CoreMediaIO.framework/Versions/A/CoreMediaIO
0x000000002a33e000 	/usr/lib/libspindump.dylib
0x000000002a33e000 	/usr/lib/libdscsym.dylib
0x000000002a33e000 	/System/Library/PrivateFrameworks/CoreAVCHD.framework/Versions/A/CoreAVCHD
0x000000002a33e000 	/System/Library/Frameworks/MediaAccessibility.framework/Versions/A/MediaAccessibility
0x000000002a33e000 	/System/Library/PrivateFrameworks/Mangrove.framework/Versions/A/Mangrove
0x000000002a33e000 	/System/Library/PrivateFrameworks/CoreAUC.framework/Versions/A/CoreAUC
0x000000002a33e000 	/System/Library/PrivateFrameworks/AppleVA.framework/Versions/A/AppleVA
0x000000002a33e000 	/System/Library/PrivateFrameworks/XPCService.framework/Versions/A/XPCService
0x000000002a33e000 	/System/Library/PrivateFrameworks/AppSandbox.framework/Versions/A/AppSandbox
0x000000002a33e000 	/usr/lib/libsandbox.1.dylib
0x000000002a33e000 	/usr/lib/libMatch.1.dylib
0x000000010f484000 	/Library/Java/JavaVirtualMachines/jdk1.8.0_101.jdk/Contents/Home/jre/lib/libjfxmedia_qtkit.dylib
0x000000002a33e000 	/System/Library/Frameworks/QTKit.framework/Versions/A/QTKit
0x000000002a33e000 	/System/Library/PrivateFrameworks/CoreMediaAuthoring.framework/Versions/A/CoreMediaAuthoring
0x000000010f491000 	/Library/Java/JavaVirtualMachines/jdk1.8.0_101.jdk/Contents/Home/jre/lib/libfxplugins.dylib
0x000000010c2ec000 	/System/Library/Frameworks/VideoDecodeAcceleration.framework/Versions/A/VideoDecodeAcceleration
0x000000010f4bc000 	/Library/Java/JavaVirtualMachines/jdk1.8.0_101.jdk/Contents/Home/jre/lib/libnet.dylib
0x000000010f4d3000 	/Library/Java/JavaVirtualMachines/jdk1.8.0_101.jdk/Contents/Home/jre/lib/libnio.dylib
0x000000010f4e3000 	/System/Library/Extensions/AppleHDA.kext/Contents/PlugIns/AppleHDAHALPlugIn.bundle/Contents/MacOS/AppleHDAHALPlugIn
0x000000010f514000 	/System/Library/Components/CoreAudio.component/Contents/MacOS/CoreAudio
0x000000002a33e000 	/System/Library/PrivateFrameworks/AppleGVA.framework/Versions/A/AppleGVA
0x000000010f855000 	/System/Library/Components/AudioCodecs.component/Contents/MacOS/AudioCodecs
0x000000010fe6a000 	/System/Library/Extensions/AppleIntelBDWGraphicsVADriver.bundle/Contents/MacOS/AppleIntelBDWGraphicsVADriver
0x000000010c54b000 	/System/Library/Extensions/AppleIntelBDWGraphicsVAME.bundle/Contents/MacOS/AppleIntelBDWGraphicsVAME
0x00000001235a1000 	/Library/Java/JavaVirtualMachines/jdk1.8.0_101.jdk/Contents/Home/jre/lib/libjavafx_font.dylib
0x000000002a33e000 	/System/Library/Frameworks/ApplicationServices.framework/Versions/A/Frameworks/ATS.framework/Versions/A/Resources/libTrueTypeScaler.dylib
0x0000000126c11000 	/System/Library/Extensions/AppleIntelBDWGraphicsMTLDriver.bundle/Contents/MacOS/AppleIntelBDWGraphicsMTLDriver
0x000000002a33e000 	/System/Library/PrivateFrameworks/ViewBridge.framework/Versions/A/ViewBridge
0x00000001270a7000 	/Library/Java/JavaVirtualMachines/jdk1.8.0_101.jdk/Contents/Home/jre/lib/libprism_common.dylib

VM Arguments:
jvm_args: -Dfile.encoding=UTF-8 
java_command: /Users/gabrielalvarengadacruz/NetBeansProjects/JavaFXApplication2/dist/run1021054660/ProjetoSmhfinal.jar
java_class_path (initial): /Users/gabrielalvarengadacruz/NetBeansProjects/JavaFXApplication2/dist/run1021054660/ProjetoSmhfinal.jar
Launcher Type: SUN_STANDARD

Environment Variables:
PATH=/usr/bin:/bin:/usr/sbin:/sbin
LD_LIBRARY_PATH=/Library/Java/JavaVirtualMachines/jdk1.8.0_101.jdk/Contents/Home/jre/lib/amd64:/Library/Java/JavaVirtualMachines/jdk1.8.0_101.jdk/Contents/Home/jre/lib/i386:
SHELL=/bin/bash

Signal Handlers:
SIGSEGV: [libjvm.dylib+0x5af145], sa_mask[0]=11111111011111110111111111111111, sa_flags=SA_ONSTACK|SA_RESTART|SA_SIGINFO
SIGBUS: [libjvm.dylib+0x5af145], sa_mask[0]=11111111011111110111111111111111, sa_flags=SA_RESTART|SA_SIGINFO
SIGFPE: [libjvm.dylib+0x48694c], sa_mask[0]=11111111011111110111111111111111, sa_flags=SA_RESTART|SA_SIGINFO
SIGPIPE: [libjvm.dylib+0x48694c], sa_mask[0]=11111111011111110111111111111111, sa_flags=SA_RESTART|SA_SIGINFO
SIGXFSZ: [libjvm.dylib+0x48694c], sa_mask[0]=11111111011111110111111111111111, sa_flags=SA_RESTART|SA_SIGINFO
SIGILL: [libjvm.dylib+0x48694c], sa_mask[0]=11111111011111110111111111111111, sa_flags=SA_RESTART|SA_SIGINFO
SIGUSR1: SIG_DFL, sa_mask[0]=00000000000000000000000000000000, sa_flags=none
SIGUSR2: [libjvm.dylib+0x48646a], sa_mask[0]=00100000000000000000000000000000, sa_flags=SA_RESTART|SA_SIGINFO
SIGHUP: [libjvm.dylib+0x484a41], sa_mask[0]=11111111011111110111111111111111, sa_flags=SA_RESTART|SA_SIGINFO
SIGINT: SIG_IGN, sa_mask[0]=00000000000000000000000000000000, sa_flags=none
SIGTERM: [libjvm.dylib+0x484a41], sa_mask[0]=11111111011111110111111111111111, sa_flags=SA_RESTART|SA_SIGINFO
SIGQUIT: [libjvm.dylib+0x484a41], sa_mask[0]=11111111011111110111111111111111, sa_flags=SA_RESTART|SA_SIGINFO


---------------  S Y S T E M  ---------------

OS:Bsduname:Darwin 16.1.0 Darwin Kernel Version 16.1.0: Thu Oct 13 21:26:57 PDT 2016; root:xnu-3789.21.3~60/RELEASE_X86_64 x86_64
rlimit: STACK 8192k, CORE 0k, NPROC 709, NOFILE 10240, AS infinity
load average:2.89 2.05 1.86

CPU:total 4 (2 cores per cpu, 2 threads per core) family 6 model 61 stepping 4, cmov, cx8, fxsr, mmx, sse, sse2, sse3, ssse3, sse4.1, sse4.2, popcnt, avx, avx2, aes, clmul, erms, 3dnowpref, lzcnt, ht, tsc, tscinvbit, bmi1, bmi2, adx

Memory: 4k page, physical 8388608k(2676272k free)

/proc/meminfo:


vm_info: Java HotSpot(TM) 64-Bit Server VM (25.101-b13) for bsd-amd64 JRE (1.8.0_101-b13), built on Jun 22 2016 02:42:15 by "java_re" with gcc 4.2.1 (Based on Apple Inc. build 5658) (LLVM build 2336.11.00)

time: Mon Nov 21 06:21:16 2016
elapsed time: 13 seconds (0d 0h 0m 13s)

