#
# A fatal error has been detected by the Java Runtime Environment:
#
#  SIGSEGV (0xb) at pc=0x00000001171b185e, pid=4301, tid=0x0000000000017317
#
# JRE version: Java(TM) SE Runtime Environment (8.0_101-b13) (build 1.8.0_101-b13)
# Java VM: Java HotSpot(TM) 64-Bit Server VM (25.101-b13 mixed mode bsd-amd64 compressed oops)
# Problematic frame:
# C  [libjfxmedia_avf.dylib+0x785e]  _ZN18AVFKernelComponent18ProcessBufferListsERjRK15AudioBufferListRS1_j+0x22
#
# Failed to write core dump. Core dumps have been disabled. To enable core dumping, try "ulimit -c unlimited" before starting Java again
#
# If you would like to submit a bug report, please visit:
#   http://bugreport.java.com/bugreport/crash.jsp
#

---------------  T H R E A D  ---------------

Current thread is native thread

siginfo: si_signo: 11 (SIGSEGV), si_code: 0 (unknown), si_addr: 0x0000000000000000

Registers:
RAX=0xc00007fe424cdb29, RBX=0x00007000029e3a54, RCX=0x00007fe42890f4f0, RDX=0x00007fe42890f520
RSP=0x00007000029e37a0, RBP=0x00007000029e37a0, RSI=0x00007000029e3a54, RDI=0x00007fe424c57110
R8 =0x0000000000001000, R9 =0x00007000029e35b7, R10=0x00000001171cc290, R11=0xffffffffffffffd0
R12=0x00007fe42890f2a0, R13=0x00007fe42890f520, R14=0x00000001171b183c, R15=0x0000000000001000
RIP=0x00000001171b185e, EFLAGS=0x0000000000010202, ERR=0x0000000000000000
  TRAPNO=0x000000000000000d

Top of Stack: (sp=0x00007000029e37a0)
0x00007000029e37a0:   00007000029e3800 00000001171baab2
0x00007000029e37b0:   0000000000000000 00007000029e3a54
0x00007000029e37c0:   0000000000000000 0000000000000000
0x00007000029e37d0:   0000000000000000 00007000029e3a54
0x00007000029e37e0:   00007fe42890f2a0 00007fe4289124c0
0x00007000029e37f0:   00007fe428913c90 0000000000001000
0x00007000029e3800:   00007000029e3850 00000001171b5369
0x00007000029e3810:   0000000000000000 00007000029e3a78
0x00007000029e3820:   0000000000000000 0000000000009fe0
0x00007000029e3830:   00007fe4289124c0 00000000ffffffce
0x00007000029e3840:   0000000000001000 00007fe42890f2a0
0x00007000029e3850:   00007000029e38c0 00000001171b39a1
0x00007000029e3860:   00007fe428913c90 00009fe0868b192d
0x00007000029e3870:   00007000029e3a54 00007000029e3a78
0x00007000029e3880:   00000000029e38e0 00007fe428913c90
0x00007000029e3890:   00009fe000000000 00000000ffffffce
0x00007000029e38a0:   00007000029e3a54 0000000000000000
0x00007000029e38b0:   0000000000001000 00007000029e3a78
0x00007000029e38c0:   00007000029e38e0 00000001171b7996
0x00007000029e38d0:   00000000fffffffc 00007fe428913870
0x00007000029e38e0:   00007000029e3920 00000001171b6777
0x00007000029e38f0:   00007fe428913870 00007000029e3a78
0x00007000029e3900:   00007fe4289125c0 00000000ffffd584
0x00007000029e3910:   00007000029e3a54 0000000000001000
0x00007000029e3920:   00007000029e3980 00000001171ba8f0
0x00007000029e3930:   0000000000000000 00007000029e3a54
0x00007000029e3940:   0000000000000000 0000000000000000
0x00007000029e3950:   0000000000000000 00007000029e3a54
0x00007000029e3960:   00007fe4289125c0 00007fe428913480
0x00007000029e3970:   00007fe424cc1608 0000000000001000
0x00007000029e3980:   00007000029e39d0 00000001171b5369
0x00007000029e3990:   0000000000000000 00007000029e3a78 

Instructions: (pc=0x00000001171b185e)
0x00000001171b183e:   89 e5 80 bf d0 01 00 00 00 74 06 5d e9 bf 92 00
0x00000001171b184e:   00 48 8b bf d8 01 00 00 48 85 ff 74 0a 48 8b 07
0x00000001171b185e:   48 8b 40 28 5d ff e0 31 c0 5d c3 90 55 48 89 e5
0x00000001171b186e:   41 57 41 56 41 55 41 54 53 50 4d 89 c6 41 89 d5 

Register to memory mapping:

RAX=0xc00007fe424cdb29 is an unknown value
RBX=0x00007000029e3a54 is an unknown value
RCX=0x00007fe42890f4f0 is an unknown value
RDX=0x00007fe42890f520 is an unknown value
RSP=0x00007000029e37a0 is an unknown value
RBP=0x00007000029e37a0 is an unknown value
RSI=0x00007000029e3a54 is an unknown value
RDI=0x00007fe424c57110 is an unknown value
R8 =0x0000000000001000 is an unknown value
R9 =0x00007000029e35b7 is an unknown value
R10=0x00000001171cc290: _ZTV18AVFEqualizerKernel+0x10 in /Library/Java/JavaVirtualMachines/jdk1.8.0_101.jdk/Contents/Home/jre/lib/libjfxmedia_avf.dylib at 0x00000001171aa000
R11=0xffffffffffffffd0 is an unknown value
R12=0x00007fe42890f2a0 is an unknown value
R13=0x00007fe42890f520 is an unknown value
R14=0x00000001171b183c: _ZN18AVFKernelComponent18ProcessBufferListsERjRK15AudioBufferListRS1_j+0 in /Library/Java/JavaVirtualMachines/jdk1.8.0_101.jdk/Contents/Home/jre/lib/libjfxmedia_avf.dylib at 0x00000001171aa000
R15=0x0000000000001000 is an unknown value


Stack: [0x0000700002964000,0x00007000029e4000],  sp=0x00007000029e37a0,  free space=509k
Native frames: (J=compiled Java code, j=interpreted, Vv=VM code, C=native code)
C  [libjfxmedia_avf.dylib+0x785e]  _ZN18AVFKernelComponent18ProcessBufferListsERjRK15AudioBufferListRS1_j+0x22
C  [libjfxmedia_avf.dylib+0x10ab2]  _ZN12AUEffectBase6RenderERjRK14AudioTimeStampj+0x240
C  [libjfxmedia_avf.dylib+0xb369]  _ZN6AUBase11DoRenderBusERjRK14AudioTimeStampjP15AUOutputElementjR15AudioBufferList+0xa9
C  [libjfxmedia_avf.dylib+0x99a1]  _ZN6AUBase8DoRenderERjRK14AudioTimeStampjjR15AudioBufferList+0x1b9
C  [libjfxmedia_avf.dylib+0xd996]  _ZL14AUMethodRenderPvPjPK14AudioTimeStampjjP15AudioBufferList+0x2e
C  [libjfxmedia_avf.dylib+0xc777]  _ZN14AUInputElement9PullInputERjRK14AudioTimeStampjj+0x8d
C  [libjfxmedia_avf.dylib+0x108f0]  _ZN12AUEffectBase6RenderERjRK14AudioTimeStampj+0x7e
C  [libjfxmedia_avf.dylib+0xb369]  _ZN6AUBase11DoRenderBusERjRK14AudioTimeStampjP15AUOutputElementjR15AudioBufferList+0xa9
C  [libjfxmedia_avf.dylib+0x99a1]  _ZN6AUBase8DoRenderERjRK14AudioTimeStampjjR15AudioBufferList+0x1b9
C  [libjfxmedia_avf.dylib+0xd996]  _ZL14AUMethodRenderPvPjPK14AudioTimeStampjjP15AudioBufferList+0x2e
C  [libjfxmedia_avf.dylib+0x54b1]  _ZL15ProcessAudioTapPKvljP15AudioBufferListPlPj+0x63
C  [MediaToolbox+0x366695]  MTAudioProcessingTapGetSourceAudio+0x852
C  [AudioToolbox+0xe5cdf]  _Z25AQClientCallProcessingTapPvjP14AudioTimeStampPjS2_P15AudioBufferListidjdjPKhj+0x5d
C  [AudioToolbox+0x16d770]  _ZN15AQProcessingTap9DoCalloutERjR14AudioTimeStampS0_R15AudioBufferList+0xbc
C  [AudioToolbox+0x16d56f]  _ZN16AudioQueueObject18PerformTapInternalER14AudioTimeStampRjS2_+0x85
C  [AudioToolbox+0x16d475]  _ZN16AudioQueueObject20PerformProcessingTapEPFiPvRjRK14AudioTimeStampjR15AudioBufferListRdS1_ES0_RS2_S1_S6_S1_+0xc5
C  [AudioToolbox+0x178e05]  _ZN14MEMixerChannel13TapDownstreamEPvPjPK14AudioTimeStampjjP15AudioBufferList+0x81
C  [CoreAudio+0x10ef05]  _ZN14AUInputElement9PullInputERjRK14AudioTimeStampjj+0xb9
C  [CoreAudio+0x5e9b4]  _ZN18AUDeferredRenderer7ProduceEv+0x240
C  [CoreAudio+0x5e6eb]  _ZN18AUDeferredRenderer18ProducerThreadProcEv+0x31
C  [CoreAudio+0x5e0eb]  _ZN18AUDeferredRenderer18ProducerThreadProcEPv+0x1f
C  [CoreAudio+0x124fb5]  _ZN9CAPThread5EntryEPS_+0x55
C  [libsystem_pthread.dylib+0x3aab]  _pthread_body+0xb4
C  [libsystem_pthread.dylib+0x39f7]  _pthread_body+0x0
C  [libsystem_pthread.dylib+0x3221]  thread_start+0xd


---------------  P R O C E S S  ---------------

VM state:not at safepoint (normal execution)

VM Mutex/Monitor currently owned by a thread: None

Heap:
 PSYoungGen      total 137216K, used 55727K [0x0000000795580000, 0x00000007a6180000, 0x00000007c0000000)
  eden space 133120K, 39% used [0x0000000795580000,0x0000000798851200,0x000000079d780000)
  from space 4096K, 90% used [0x000000079d780000,0x000000079db1aaa0,0x000000079db80000)
  to   space 4096K, 0% used [0x00000007a5d80000,0x00000007a5d80000,0x00000007a6180000)
 ParOldGen       total 87552K, used 4863K [0x0000000740000000, 0x0000000745580000, 0x0000000795580000)
  object space 87552K, 5% used [0x0000000740000000,0x00000007404bfc30,0x0000000745580000)
 Metaspace       used 14574K, capacity 15240K, committed 15488K, reserved 1062912K
  class space    used 1984K, capacity 2134K, committed 2176K, reserved 1048576K

Card table byte_map: [0x000000010b3b1000,0x000000010b7b2000] byte_map_base: 0x00000001079b1000

Marking Bits: (ParMarkBitMap*) 0x000000010a8edd20
 Begin Bits: [0x000000010ba5d000, 0x000000010da5d000)
 End Bits:   [0x000000010da5d000, 0x000000010fa5d000)

Polling page: 0x00000001097f7000

CodeCache: size=245760Kb used=5510Kb max_used=5520Kb free=240249Kb
 bounds [0x0000000119783000, 0x0000000119cf3000, 0x0000000128783000]
 total_blobs=2489 nmethods=1839 adapters=563
 compilation: enabled

Compilation events (10 events):
Event: 11.474 Thread 0x00007fe422870000 1836       3       java.util.HashMap$EntryIterator::next (5 bytes)
Event: 11.474 Thread 0x00007fe422870000 nmethod 1836 0x0000000119ce5350 code [0x0000000119ce54c0, 0x0000000119ce57a8]
Event: 11.474 Thread 0x00007fe422870000 1837       3       java.util.HashMap$EntryIterator::next (5 bytes)
Event: 11.475 Thread 0x00007fe422870000 nmethod 1837 0x0000000119ce4f50 code [0x0000000119ce50c0, 0x0000000119ce52c8]
Event: 11.477 Thread 0x00007fe422870000 1838       3       java.util.HashMap::afterNodeRemoval (1 bytes)
Event: 11.478 Thread 0x00007fe422870000 nmethod 1838 0x0000000119ce4c50 code [0x0000000119ce4da0, 0x0000000119ce4ef0]
Event: 11.479 Thread 0x00007fe42286f800 1839       4       java.lang.Object::equals (11 bytes)
Event: 11.480 Thread 0x00007fe42286f800 nmethod 1839 0x0000000119ce4a10 code [0x0000000119ce4b60, 0x0000000119ce4bd8]
Event: 11.481 Thread 0x00007fe422870000 1840       3       java.util.concurrent.atomic.AtomicInteger::decrementAndGet (14 bytes)
Event: 11.481 Thread 0x00007fe422870000 nmethod 1840 0x0000000119ce4710 code [0x0000000119ce4860, 0x0000000119ce49b0]

GC Heap History (10 events):
Event: 1.148 GC heap before
{Heap before GC invocations=3 (full 0):
 PSYoungGen      total 38400K, used 36858K [0x0000000795580000, 0x000000079a080000, 0x00000007c0000000)
  eden space 33280K, 100% used [0x0000000795580000,0x0000000797600000,0x0000000797600000)
  from space 5120K, 69% used [0x0000000797b00000,0x0000000797e7ebe0,0x0000000798000000)
  to   space 5120K, 0% used [0x0000000797600000,0x0000000797600000,0x0000000797b00000)
 ParOldGen       total 87552K, used 16K [0x0000000740000000, 0x0000000745580000, 0x0000000795580000)
  object space 87552K, 0% used [0x0000000740000000,0x0000000740004000,0x0000000745580000)
 Metaspace       used 9865K, capacity 10266K, committed 10496K, reserved 1058816K
  class space    used 1329K, capacity 1436K, committed 1536K, reserved 1048576K
Event: 1.152 GC heap after
Heap after GC invocations=3 (full 0):
 PSYoungGen      total 38400K, used 3546K [0x0000000795580000, 0x000000079a080000, 0x00000007c0000000)
  eden space 33280K, 0% used [0x0000000795580000,0x0000000795580000,0x0000000797600000)
  from space 5120K, 69% used [0x0000000797600000,0x0000000797976be0,0x0000000797b00000)
  to   space 5120K, 0% used [0x0000000799b80000,0x0000000799b80000,0x000000079a080000)
 ParOldGen       total 87552K, used 24K [0x0000000740000000, 0x0000000745580000, 0x0000000795580000)
  object space 87552K, 0% used [0x0000000740000000,0x0000000740006000,0x0000000745580000)
 Metaspace       used 9865K, capacity 10266K, committed 10496K, reserved 1058816K
  class space    used 1329K, capacity 1436K, committed 1536K, reserved 1048576K
}
Event: 1.273 GC heap before
{Heap before GC invocations=4 (full 0):
 PSYoungGen      total 38400K, used 36826K [0x0000000795580000, 0x000000079a080000, 0x00000007c0000000)
  eden space 33280K, 100% used [0x0000000795580000,0x0000000797600000,0x0000000797600000)
  from space 5120K, 69% used [0x0000000797600000,0x0000000797976be0,0x0000000797b00000)
  to   space 5120K, 0% used [0x0000000799b80000,0x0000000799b80000,0x000000079a080000)
 ParOldGen       total 87552K, used 24K [0x0000000740000000, 0x0000000745580000, 0x0000000795580000)
  object space 87552K, 0% used [0x0000000740000000,0x0000000740006000,0x0000000745580000)
 Metaspace       used 9890K, capacity 10268K, committed 10496K, reserved 1058816K
  class space    used 1333K, capacity 1438K, committed 1536K, reserved 1048576K
Event: 1.278 GC heap after
Heap after GC invocations=4 (full 0):
 PSYoungGen      total 71680K, used 3610K [0x0000000795580000, 0x000000079a080000, 0x00000007c0000000)
  eden space 66560K, 0% used [0x0000000795580000,0x0000000795580000,0x0000000799680000)
  from space 5120K, 70% used [0x0000000799b80000,0x0000000799f06be0,0x000000079a080000)
  to   space 5120K, 0% used [0x0000000799680000,0x0000000799680000,0x0000000799b80000)
 ParOldGen       total 87552K, used 24K [0x0000000740000000, 0x0000000745580000, 0x0000000795580000)
  object space 87552K, 0% used [0x0000000740000000,0x0000000740006000,0x0000000745580000)
 Metaspace       used 9890K, capacity 10268K, committed 10496K, reserved 1058816K
  class space    used 1333K, capacity 1438K, committed 1536K, reserved 1048576K
}
Event: 1.338 GC heap before
{Heap before GC invocations=5 (full 0):
 PSYoungGen      total 71680K, used 70170K [0x0000000795580000, 0x000000079a080000, 0x00000007c0000000)
  eden space 66560K, 100% used [0x0000000795580000,0x0000000799680000,0x0000000799680000)
  from space 5120K, 70% used [0x0000000799b80000,0x0000000799f06be0,0x000000079a080000)
  to   space 5120K, 0% used [0x0000000799680000,0x0000000799680000,0x0000000799b80000)
 ParOldGen       total 87552K, used 24K [0x0000000740000000, 0x0000000745580000, 0x0000000795580000)
  object space 87552K, 0% used [0x0000000740000000,0x0000000740006000,0x0000000745580000)
 Metaspace       used 9897K, capacity 10268K, committed 10496K, reserved 1058816K
  class space    used 1333K, capacity 1438K, committed 1536K, reserved 1048576K
Event: 1.345 GC heap after
Heap after GC invocations=5 (full 0):
 PSYoungGen      total 71680K, used 3610K [0x0000000795580000, 0x000000079df80000, 0x00000007c0000000)
  eden space 66560K, 0% used [0x0000000795580000,0x0000000795580000,0x0000000799680000)
  from space 5120K, 70% used [0x0000000799680000,0x0000000799a06bc0,0x0000000799b80000)
  to   space 4096K, 0% used [0x000000079db80000,0x000000079db80000,0x000000079df80000)
 ParOldGen       total 87552K, used 32K [0x0000000740000000, 0x0000000745580000, 0x0000000795580000)
  object space 87552K, 0% used [0x0000000740000000,0x0000000740008000,0x0000000745580000)
 Metaspace       used 9897K, capacity 10268K, committed 10496K, reserved 1058816K
  class space    used 1333K, capacity 1438K, committed 1536K, reserved 1048576K
}
Event: 1.433 GC heap before
{Heap before GC invocations=6 (full 0):
 PSYoungGen      total 71680K, used 70170K [0x0000000795580000, 0x000000079df80000, 0x00000007c0000000)
  eden space 66560K, 100% used [0x0000000795580000,0x0000000799680000,0x0000000799680000)
  from space 5120K, 70% used [0x0000000799680000,0x0000000799a06bc0,0x0000000799b80000)
  to   space 4096K, 0% used [0x000000079db80000,0x000000079db80000,0x000000079df80000)
 ParOldGen       total 87552K, used 32K [0x0000000740000000, 0x0000000745580000, 0x0000000795580000)
  object space 87552K, 0% used [0x0000000740000000,0x0000000740008000,0x0000000745580000)
 Metaspace       used 9897K, capacity 10268K, committed 10496K, reserved 1058816K
  class space    used 1333K, capacity 1438K, committed 1536K, reserved 1048576K
Event: 1.437 GC heap after
Heap after GC invocations=6 (full 0):
 PSYoungGen      total 137216K, used 3578K [0x0000000795580000, 0x000000079df80000, 0x00000007c0000000)
  eden space 133120K, 0% used [0x0000000795580000,0x0000000795580000,0x000000079d780000)
  from space 4096K, 87% used [0x000000079db80000,0x000000079defebc0,0x000000079df80000)
  to   space 4096K, 0% used [0x000000079d780000,0x000000079d780000,0x000000079db80000)
 ParOldGen       total 87552K, used 32K [0x0000000740000000, 0x0000000745580000, 0x0000000795580000)
  object space 87552K, 0% used [0x0000000740000000,0x0000000740008000,0x0000000745580000)
 Metaspace       used 9897K, capacity 10268K, committed 10496K, reserved 1058816K
  class space    used 1333K, capacity 1438K, committed 1536K, reserved 1048576K
}
Event: 2.480 GC heap before
{Heap before GC invocations=7 (full 0):
 PSYoungGen      total 137216K, used 136698K [0x0000000795580000, 0x000000079df80000, 0x00000007c0000000)
  eden space 133120K, 100% used [0x0000000795580000,0x000000079d780000,0x000000079d780000)
  from space 4096K, 87% used [0x000000079db80000,0x000000079defebc0,0x000000079df80000)
  to   space 4096K, 0% used [0x000000079d780000,0x000000079d780000,0x000000079db80000)
 ParOldGen       total 87552K, used 32K [0x0000000740000000, 0x0000000745580000, 0x0000000795580000)
  object space 87552K, 0% used [0x0000000740000000,0x0000000740008000,0x0000000745580000)
 Metaspace       used 13553K, capacity 14104K, committed 14464K, reserved 1060864K
  class space    used 1894K, capacity 2052K, committed 2176K, reserved 1048576K
Event: 2.488 GC heap after
Heap after GC invocations=7 (full 0):
 PSYoungGen      total 137216K, used 3690K [0x0000000795580000, 0x00000007a6180000, 0x00000007c0000000)
  eden space 133120K, 0% used [0x0000000795580000,0x0000000795580000,0x000000079d780000)
  from space 4096K, 90% used [0x000000079d780000,0x000000079db1aaa0,0x000000079db80000)
  to   space 4096K, 0% used [0x00000007a5d80000,0x00000007a5d80000,0x00000007a6180000)
 ParOldGen       total 87552K, used 4863K [0x0000000740000000, 0x0000000745580000, 0x0000000795580000)
  object space 87552K, 5% used [0x0000000740000000,0x00000007404bfc30,0x0000000745580000)
 Metaspace       used 13553K, capacity 14104K, committed 14464K, reserved 1060864K
  class space    used 1894K, capacity 2052K, committed 2176K, reserved 1048576K
}

Deoptimization events (10 events):
Event: 1.663 Thread 0x00007fe422964800 Uncommon trap: reason=class_check action=maybe_recompile pc=0x00000001199c5ac4 method=java.io.DataInputStream.readShort()S @ 4
Event: 1.664 Thread 0x00007fe422964800 Uncommon trap: reason=class_check action=maybe_recompile pc=0x00000001199c5ac4 method=java.io.DataInputStream.readShort()S @ 4
Event: 1.665 Thread 0x00007fe422964800 Uncommon trap: reason=class_check action=maybe_recompile pc=0x00000001199c5ac4 method=java.io.DataInputStream.readShort()S @ 4
Event: 1.665 Thread 0x00007fe422964800 Uncommon trap: reason=class_check action=maybe_recompile pc=0x00000001199c5ac4 method=java.io.DataInputStream.readShort()S @ 4
Event: 1.675 Thread 0x00007fe422964800 Uncommon trap: reason=class_check action=maybe_recompile pc=0x000000011989cc1c method=java.lang.String.equals(Ljava/lang/Object;)Z @ 8
Event: 1.675 Thread 0x00007fe422964800 Uncommon trap: reason=class_check action=maybe_recompile pc=0x000000011989cc1c method=java.lang.String.equals(Ljava/lang/Object;)Z @ 8
Event: 1.676 Thread 0x00007fe422964800 Uncommon trap: reason=class_check action=maybe_recompile pc=0x000000011989cc1c method=java.lang.String.equals(Ljava/lang/Object;)Z @ 8
Event: 1.678 Thread 0x00007fe422964800 Uncommon trap: reason=class_check action=maybe_recompile pc=0x000000011989cc1c method=java.lang.String.equals(Ljava/lang/Object;)Z @ 8
Event: 1.899 Thread 0x00007fe422964800 Uncommon trap: reason=unstable_if action=reinterpret pc=0x00000001199b8e60 method=java.lang.CharacterData.of(I)Ljava/lang/CharacterData; @ 4
Event: 3.735 Thread 0x00007fe422964800 Uncommon trap: reason=unstable_if action=reinterpret pc=0x0000000119abfd44 method=jdk.internal.org.objectweb.asm.Type.getArgumentsAndReturnSizes(Ljava/lang/String;)I @ 47

Internal exceptions (10 events):
Event: 0.853 Thread 0x00007fe422964800 Exception <a 'java/lang/NullPointerException'> (0x00000007966b97b8) thrown at [/HUDSON3/workspace/8-2-build-macosx-x86_64/jdk8u101/7261/hotspot/src/share/vm/interpreter/linkResolver.cpp, line 1280]
Event: 1.013 Thread 0x00007fe422964800 Exception <a 'java/lang/NullPointerException'> (0x00000007964aebd0) thrown at [/HUDSON3/workspace/8-2-build-macosx-x86_64/jdk8u101/7261/hotspot/src/share/vm/interpreter/linkResolver.cpp, line 1280]
Event: 1.069 Thread 0x00007fe422964800 Exception <a 'java/lang/NullPointerException'> (0x00000007958d69d8) thrown at [/HUDSON3/workspace/8-2-build-macosx-x86_64/jdk8u101/7261/hotspot/src/share/vm/interpreter/linkResolver.cpp, line 1280]
Event: 1.126 Thread 0x00007fe422964800 Exception <a 'java/lang/NullPointerException'> (0x00000007958e4508) thrown at [/HUDSON3/workspace/8-2-build-macosx-x86_64/jdk8u101/7261/hotspot/src/share/vm/interpreter/linkResolver.cpp, line 1280]
Event: 1.185 Thread 0x00007fe422964800 Exception <a 'java/lang/NullPointerException'> (0x00000007961c9080) thrown at [/HUDSON3/workspace/8-2-build-macosx-x86_64/jdk8u101/7261/hotspot/src/share/vm/interpreter/linkResolver.cpp, line 1280]
Event: 1.260 Thread 0x00007fe422964800 Exception <a 'java/lang/NullPointerException'> (0x00000007961db860) thrown at [/HUDSON3/workspace/8-2-build-macosx-x86_64/jdk8u101/7261/hotspot/src/share/vm/interpreter/linkResolver.cpp, line 1280]
Event: 1.316 Thread 0x00007fe422964800 Exception <a 'java/lang/NullPointerException'> (0x00000007979ca640) thrown at [/HUDSON3/workspace/8-2-build-macosx-x86_64/jdk8u101/7261/hotspot/src/share/vm/interpreter/linkResolver.cpp, line 1280]
Event: 1.376 Thread 0x00007fe422964800 Exception <a 'java/lang/NullPointerException'> (0x0000000795cf5648) thrown at [/HUDSON3/workspace/8-2-build-macosx-x86_64/jdk8u101/7261/hotspot/src/share/vm/interpreter/linkResolver.cpp, line 1280]
Event: 1.438 Thread 0x00007fe422964800 Exception <a 'java/lang/NullPointerException'> (0x0000000795587a50) thrown at [/HUDSON3/workspace/8-2-build-macosx-x86_64/jdk8u101/7261/hotspot/src/share/vm/interpreter/linkResolver.cpp, line 1280]
Event: 1.562 Thread 0x00007fe422964800 Implicit null exception at 0x00000001199d9075 to 0x00000001199d9271

Events (10 events):
Event: 11.468 Thread 0x00007fe424146800 Thread added: 0x00007fe424146800
Event: 11.468 Thread 0x00007fe424146800 Thread exited: 0x00007fe424146800
Event: 11.475 Executing VM operation: RevokeBias
Event: 11.475 Executing VM operation: RevokeBias done
Event: 11.475 Thread 0x00007fe423324000 Thread exited: 0x00007fe423324000
Event: 11.475 Thread 0x00007fe423fe4800 Thread exited: 0x00007fe423fe4800
Event: 11.477 Thread 0x00007fe423fe5800 Thread exited: 0x00007fe423fe5800
Event: 11.479 Thread 0x00007fe423fe9800 Thread exited: 0x00007fe423fe9800
Event: 11.481 Thread 0x00007fe426b7a000 Thread exited: 0x00007fe426b7a000
Event: 11.483 Thread 0x00007fe426ba6000 Thread exited: 0x00007fe426ba6000


Dynamic libraries:
0x00000000126ef000 	/System/Library/Frameworks/Cocoa.framework/Versions/A/Cocoa
0x00000000126ef000 	/System/Library/Frameworks/Security.framework/Versions/A/Security
0x00000000126ef000 	/System/Library/Frameworks/ApplicationServices.framework/Versions/A/ApplicationServices
0x00000000126ef000 	/usr/lib/libz.1.dylib
0x00000000126ef000 	/usr/lib/libSystem.B.dylib
0x00000000126ef000 	/usr/lib/libobjc.A.dylib
0x00000000126ef000 	/System/Library/Frameworks/CoreFoundation.framework/Versions/A/CoreFoundation
0x00000000126ef000 	/System/Library/Frameworks/Foundation.framework/Versions/C/Foundation
0x00000000126ef000 	/System/Library/Frameworks/AppKit.framework/Versions/C/AppKit
0x00000000126ef000 	/System/Library/Frameworks/CoreData.framework/Versions/A/CoreData
0x00000000126ef000 	/System/Library/PrivateFrameworks/RemoteViewServices.framework/Versions/A/RemoteViewServices
0x00000000126ef000 	/System/Library/PrivateFrameworks/UIFoundation.framework/Versions/A/UIFoundation
0x00000000126ef000 	/usr/lib/libenergytrace.dylib
0x00000000126ef000 	/System/Library/PrivateFrameworks/SkyLight.framework/Versions/A/SkyLight
0x00000000126ef000 	/System/Library/Frameworks/CoreGraphics.framework/Versions/A/CoreGraphics
0x00000000126ef000 	/usr/lib/libScreenReader.dylib
0x00000000126ef000 	/System/Library/Frameworks/Accelerate.framework/Versions/A/Accelerate
0x00000000126ef000 	/System/Library/Frameworks/IOSurface.framework/Versions/A/IOSurface
0x00000000126ef000 	/System/Library/Frameworks/AudioToolbox.framework/Versions/A/AudioToolbox
0x00000000126ef000 	/System/Library/Frameworks/AudioUnit.framework/Versions/A/AudioUnit
0x00000000126ef000 	/System/Library/PrivateFrameworks/DataDetectorsCore.framework/Versions/A/DataDetectorsCore
0x00000000126ef000 	/System/Library/PrivateFrameworks/DesktopServicesPriv.framework/Versions/A/DesktopServicesPriv
0x00000000126ef000 	/System/Library/Frameworks/Carbon.framework/Versions/A/Frameworks/HIToolbox.framework/Versions/A/HIToolbox
0x00000000126ef000 	/usr/lib/libicucore.A.dylib
0x00000000126ef000 	/System/Library/Frameworks/QuartzCore.framework/Versions/A/QuartzCore
0x00000000126ef000 	/System/Library/Frameworks/Carbon.framework/Versions/A/Frameworks/SpeechRecognition.framework/Versions/A/SpeechRecognition
0x00000000126ef000 	/usr/lib/libauto.dylib
0x00000000126ef000 	/usr/lib/libxml2.2.dylib
0x00000000126ef000 	/System/Library/PrivateFrameworks/CoreUI.framework/Versions/A/CoreUI
0x00000000126ef000 	/System/Library/Frameworks/CoreAudio.framework/Versions/A/CoreAudio
0x00000000126ef000 	/System/Library/Frameworks/DiskArbitration.framework/Versions/A/DiskArbitration
0x00000000126ef000 	/usr/lib/liblangid.dylib
0x00000000126ef000 	/System/Library/PrivateFrameworks/MultitouchSupport.framework/Versions/A/MultitouchSupport
0x00000000126ef000 	/System/Library/Frameworks/IOKit.framework/Versions/A/IOKit
0x00000000126ef000 	/usr/lib/libDiagnosticMessagesClient.dylib
0x00000000126ef000 	/System/Library/Frameworks/CoreServices.framework/Versions/A/CoreServices
0x00000000126ef000 	/System/Library/PrivateFrameworks/PerformanceAnalysis.framework/Versions/A/PerformanceAnalysis
0x00000000126ef000 	/System/Library/PrivateFrameworks/GenerationalStorage.framework/Versions/A/GenerationalStorage
0x00000000126ef000 	/System/Library/Frameworks/OpenGL.framework/Versions/A/OpenGL
0x00000000126ef000 	/System/Library/Frameworks/CoreImage.framework/Versions/A/CoreImage
0x00000000126ef000 	/System/Library/Frameworks/CoreText.framework/Versions/A/CoreText
0x00000000126ef000 	/System/Library/Frameworks/ImageIO.framework/Versions/A/ImageIO
0x00000000126ef000 	/System/Library/PrivateFrameworks/Backup.framework/Versions/A/Backup
0x00000000126ef000 	/usr/lib/libarchive.2.dylib
0x00000000126ef000 	/System/Library/Frameworks/CFNetwork.framework/Versions/A/CFNetwork
0x00000000126ef000 	/System/Library/Frameworks/SystemConfiguration.framework/Versions/A/SystemConfiguration
0x00000000126ef000 	/usr/lib/libCRFSuite.dylib
0x00000000126ef000 	/usr/lib/libc++.1.dylib
0x00000000126ef000 	/usr/lib/libc++abi.dylib
0x00000000126ef000 	/usr/lib/system/libcache.dylib
0x00000000126ef000 	/usr/lib/system/libcommonCrypto.dylib
0x00000000126ef000 	/usr/lib/system/libcompiler_rt.dylib
0x00000000126ef000 	/usr/lib/system/libcopyfile.dylib
0x00000000126ef000 	/usr/lib/system/libcorecrypto.dylib
0x00000000126ef000 	/usr/lib/system/libdispatch.dylib
0x00000000126ef000 	/usr/lib/system/libdyld.dylib
0x00000000126ef000 	/usr/lib/system/libkeymgr.dylib
0x00000000126ef000 	/usr/lib/system/liblaunch.dylib
0x00000000126ef000 	/usr/lib/system/libmacho.dylib
0x00000000126ef000 	/usr/lib/system/libquarantine.dylib
0x00000000126ef000 	/usr/lib/system/libremovefile.dylib
0x00000000126ef000 	/usr/lib/system/libsystem_asl.dylib
0x00000000126ef000 	/usr/lib/system/libsystem_blocks.dylib
0x00000000126ef000 	/usr/lib/system/libsystem_c.dylib
0x00000000126ef000 	/usr/lib/system/libsystem_configuration.dylib
0x00000000126ef000 	/usr/lib/system/libsystem_coreservices.dylib
0x00000000126ef000 	/usr/lib/system/libsystem_coretls.dylib
0x00000000126ef000 	/usr/lib/system/libsystem_dnssd.dylib
0x00000000126ef000 	/usr/lib/system/libsystem_info.dylib
0x00000000126ef000 	/usr/lib/system/libsystem_kernel.dylib
0x00000000126ef000 	/usr/lib/system/libsystem_m.dylib
0x00000000126ef000 	/usr/lib/system/libsystem_malloc.dylib
0x00000000126ef000 	/usr/lib/system/libsystem_network.dylib
0x00000000126ef000 	/usr/lib/system/libsystem_networkextension.dylib
0x00000000126ef000 	/usr/lib/system/libsystem_notify.dylib
0x00000000126ef000 	/usr/lib/system/libsystem_platform.dylib
0x00000000126ef000 	/usr/lib/system/libsystem_pthread.dylib
0x00000000126ef000 	/usr/lib/system/libsystem_sandbox.dylib
0x00000000126ef000 	/usr/lib/system/libsystem_secinit.dylib
0x00000000126ef000 	/usr/lib/system/libsystem_symptoms.dylib
0x00000000126ef000 	/usr/lib/system/libsystem_trace.dylib
0x00000000126ef000 	/usr/lib/system/libunwind.dylib
0x00000000126ef000 	/usr/lib/system/libxpc.dylib
0x00000000126ef000 	/usr/lib/libbsm.0.dylib
0x00000000126ef000 	/usr/lib/system/libkxld.dylib
0x00000000126ef000 	/usr/lib/libcoretls.dylib
0x00000000126ef000 	/usr/lib/libcoretls_cfhelpers.dylib
0x00000000126ef000 	/usr/lib/libxar.1.dylib
0x00000000126ef000 	/usr/lib/libsqlite3.dylib
0x00000000126ef000 	/usr/lib/libpam.2.dylib
0x00000000126ef000 	/usr/lib/libOpenScriptingUtil.dylib
0x00000000126ef000 	/usr/lib/libbz2.1.0.dylib
0x00000000126ef000 	/usr/lib/liblzma.5.dylib
0x00000000126ef000 	/usr/lib/libnetwork.dylib
0x00000000126ef000 	/usr/lib/libpcap.A.dylib
0x00000000126ef000 	/System/Library/Frameworks/CoreServices.framework/Versions/A/Frameworks/FSEvents.framework/Versions/A/FSEvents
0x00000000126ef000 	/System/Library/Frameworks/CoreServices.framework/Versions/A/Frameworks/CarbonCore.framework/Versions/A/CarbonCore
0x00000000126ef000 	/System/Library/Frameworks/CoreServices.framework/Versions/A/Frameworks/Metadata.framework/Versions/A/Metadata
0x00000000126ef000 	/System/Library/Frameworks/CoreServices.framework/Versions/A/Frameworks/OSServices.framework/Versions/A/OSServices
0x00000000126ef000 	/System/Library/Frameworks/CoreServices.framework/Versions/A/Frameworks/SearchKit.framework/Versions/A/SearchKit
0x00000000126ef000 	/System/Library/Frameworks/CoreServices.framework/Versions/A/Frameworks/AE.framework/Versions/A/AE
0x00000000126ef000 	/System/Library/Frameworks/CoreServices.framework/Versions/A/Frameworks/LaunchServices.framework/Versions/A/LaunchServices
0x00000000126ef000 	/System/Library/Frameworks/CoreServices.framework/Versions/A/Frameworks/DictionaryServices.framework/Versions/A/DictionaryServices
0x00000000126ef000 	/System/Library/Frameworks/CoreServices.framework/Versions/A/Frameworks/SharedFileList.framework/Versions/A/SharedFileList
0x00000000126ef000 	/System/Library/Frameworks/NetFS.framework/Versions/A/NetFS
0x00000000126ef000 	/System/Library/PrivateFrameworks/NetAuth.framework/Versions/A/NetAuth
0x00000000126ef000 	/System/Library/PrivateFrameworks/login.framework/Versions/A/Frameworks/loginsupport.framework/Versions/A/loginsupport
0x00000000126ef000 	/System/Library/PrivateFrameworks/TCC.framework/Versions/A/TCC
0x00000000126ef000 	/usr/lib/libmecabra.dylib
0x00000000126ef000 	/System/Library/Frameworks/ApplicationServices.framework/Versions/A/Frameworks/ATS.framework/Versions/A/ATS
0x00000000126ef000 	/System/Library/Frameworks/ApplicationServices.framework/Versions/A/Frameworks/ColorSync.framework/Versions/A/ColorSync
0x00000000126ef000 	/System/Library/Frameworks/ApplicationServices.framework/Versions/A/Frameworks/HIServices.framework/Versions/A/HIServices
0x00000000126ef000 	/System/Library/Frameworks/ApplicationServices.framework/Versions/A/Frameworks/LangAnalysis.framework/Versions/A/LangAnalysis
0x00000000126ef000 	/System/Library/Frameworks/ApplicationServices.framework/Versions/A/Frameworks/PrintCore.framework/Versions/A/PrintCore
0x00000000126ef000 	/System/Library/Frameworks/ApplicationServices.framework/Versions/A/Frameworks/QD.framework/Versions/A/QD
0x00000000126ef000 	/System/Library/Frameworks/ApplicationServices.framework/Versions/A/Frameworks/SpeechSynthesis.framework/Versions/A/SpeechSynthesis
0x00000000126ef000 	/System/Library/Frameworks/Accelerate.framework/Versions/A/Frameworks/vImage.framework/Versions/A/vImage
0x00000000126ef000 	/System/Library/Frameworks/Accelerate.framework/Versions/A/Frameworks/vecLib.framework/Versions/A/vecLib
0x00000000126ef000 	/System/Library/Frameworks/Accelerate.framework/Versions/A/Frameworks/vecLib.framework/Versions/A/libvDSP.dylib
0x00000000126ef000 	/System/Library/Frameworks/Accelerate.framework/Versions/A/Frameworks/vecLib.framework/Versions/A/libBNNS.dylib
0x00000000126ef000 	/System/Library/Frameworks/Accelerate.framework/Versions/A/Frameworks/vecLib.framework/Versions/A/libQuadrature.dylib
0x00000000126ef000 	/System/Library/Frameworks/Accelerate.framework/Versions/A/Frameworks/vecLib.framework/Versions/A/libvMisc.dylib
0x00000000126ef000 	/System/Library/Frameworks/Accelerate.framework/Versions/A/Frameworks/vecLib.framework/Versions/A/libLAPACK.dylib
0x00000000126ef000 	/System/Library/Frameworks/Accelerate.framework/Versions/A/Frameworks/vecLib.framework/Versions/A/libBLAS.dylib
0x00000000126ef000 	/System/Library/Frameworks/Accelerate.framework/Versions/A/Frameworks/vecLib.framework/Versions/A/libLinearAlgebra.dylib
0x00000000126ef000 	/System/Library/Frameworks/Accelerate.framework/Versions/A/Frameworks/vecLib.framework/Versions/A/libSparseBLAS.dylib
0x00000000126ef000 	/System/Library/Frameworks/ApplicationServices.framework/Versions/A/Frameworks/ATS.framework/Versions/A/Resources/libFontParser.dylib
0x00000000126ef000 	/System/Library/Frameworks/ApplicationServices.framework/Versions/A/Frameworks/ATS.framework/Versions/A/Resources/libFontRegistry.dylib
0x00000000126ef000 	/System/Library/Frameworks/ImageIO.framework/Versions/A/Resources/libJPEG.dylib
0x00000000126ef000 	/System/Library/Frameworks/ImageIO.framework/Versions/A/Resources/libTIFF.dylib
0x00000000126ef000 	/System/Library/Frameworks/ImageIO.framework/Versions/A/Resources/libPng.dylib
0x00000000126ef000 	/System/Library/Frameworks/ImageIO.framework/Versions/A/Resources/libGIF.dylib
0x00000000126ef000 	/System/Library/Frameworks/ImageIO.framework/Versions/A/Resources/libJP2.dylib
0x00000000126ef000 	/System/Library/Frameworks/ImageIO.framework/Versions/A/Resources/libRadiance.dylib
0x00000000126ef000 	/usr/lib/libcompression.dylib
0x00000000126ef000 	/System/Library/PrivateFrameworks/AppleJPEG.framework/Versions/A/AppleJPEG
0x00000000126ef000 	/usr/lib/libcups.2.dylib
0x00000000126ef000 	/System/Library/Frameworks/Kerberos.framework/Versions/A/Kerberos
0x00000000126ef000 	/System/Library/Frameworks/GSS.framework/Versions/A/GSS
0x00000000126ef000 	/usr/lib/libresolv.9.dylib
0x00000000126ef000 	/usr/lib/libiconv.2.dylib
0x00000000126ef000 	/System/Library/PrivateFrameworks/Heimdal.framework/Versions/A/Heimdal
0x00000000126ef000 	/usr/lib/libheimdal-asn1.dylib
0x00000000126ef000 	/System/Library/Frameworks/OpenDirectory.framework/Versions/A/OpenDirectory
0x00000000126ef000 	/System/Library/PrivateFrameworks/CommonAuth.framework/Versions/A/CommonAuth
0x00000000126ef000 	/System/Library/Frameworks/OpenDirectory.framework/Versions/A/Frameworks/CFOpenDirectory.framework/Versions/A/CFOpenDirectory
0x00000000126ef000 	/System/Library/Frameworks/SecurityFoundation.framework/Versions/A/SecurityFoundation
0x00000000126ef000 	/System/Library/PrivateFrameworks/LanguageModeling.framework/Versions/A/LanguageModeling
0x00000000126ef000 	/usr/lib/libmarisa.dylib
0x00000000126ef000 	/usr/lib/libChineseTokenizer.dylib
0x00000000126ef000 	/usr/lib/libcmph.dylib
0x00000000126ef000 	/System/Library/PrivateFrameworks/CoreEmoji.framework/Versions/A/CoreEmoji
0x00000000126ef000 	/System/Library/Frameworks/ServiceManagement.framework/Versions/A/ServiceManagement
0x00000000126ef000 	/usr/lib/libxslt.1.dylib
0x00000000126ef000 	/System/Library/Frameworks/Carbon.framework/Versions/A/Frameworks/Ink.framework/Versions/A/Ink
0x00000000126ef000 	/System/Library/PrivateFrameworks/TextureIO.framework/Versions/A/TextureIO
0x00000000126ef000 	/System/Library/Frameworks/Metal.framework/Versions/A/Metal
0x00000000126ef000 	/usr/lib/libate.dylib
0x00000000126ef000 	/System/Library/PrivateFrameworks/GPUCompiler.framework/libmetal_timestamp.dylib
0x00000000126ef000 	/System/Library/Frameworks/OpenGL.framework/Versions/A/Libraries/libCoreFSCache.dylib
0x00000000126ef000 	/System/Library/PrivateFrameworks/IOAccelerator.framework/Versions/A/IOAccelerator
0x00000000126ef000 	/System/Library/Frameworks/CoreVideo.framework/Versions/A/CoreVideo
0x00000000126ef000 	/usr/lib/libFosl_dynamic.dylib
0x00000000126ef000 	/System/Library/PrivateFrameworks/MetalPerformanceShaders.framework/Versions/A/MetalPerformanceShaders
0x00000000126ef000 	/System/Library/PrivateFrameworks/FaceCore.framework/Versions/A/FaceCore
0x00000000126ef000 	/System/Library/Frameworks/OpenCL.framework/Versions/A/OpenCL
0x00000000126ef000 	/System/Library/Frameworks/OpenGL.framework/Versions/A/Libraries/libGLU.dylib
0x00000000126ef000 	/System/Library/Frameworks/OpenGL.framework/Versions/A/Libraries/libGFXShared.dylib
0x00000000126ef000 	/System/Library/Frameworks/OpenGL.framework/Versions/A/Libraries/libGL.dylib
0x00000000126ef000 	/System/Library/Frameworks/OpenGL.framework/Versions/A/Libraries/libGLImage.dylib
0x00000000126ef000 	/System/Library/Frameworks/OpenGL.framework/Versions/A/Libraries/libCVMSPluginSupport.dylib
0x00000000126ef000 	/System/Library/Frameworks/OpenGL.framework/Versions/A/Libraries/libCoreVMClient.dylib
0x00000000126ef000 	/System/Library/PrivateFrameworks/CrashReporterSupport.framework/Versions/A/CrashReporterSupport
0x00000000126ef000 	/System/Library/PrivateFrameworks/Sharing.framework/Versions/A/Sharing
0x00000000126ef000 	/System/Library/PrivateFrameworks/IconServices.framework/Versions/A/IconServices
0x00000000126ef000 	/System/Library/PrivateFrameworks/ProtocolBuffer.framework/Versions/A/ProtocolBuffer
0x00000000126ef000 	/System/Library/PrivateFrameworks/Apple80211.framework/Versions/A/Apple80211
0x00000000126ef000 	/System/Library/Frameworks/CoreWLAN.framework/Versions/A/CoreWLAN
0x00000000126ef000 	/System/Library/PrivateFrameworks/CoreUtils.framework/Versions/A/CoreUtils
0x00000000126ef000 	/System/Library/Frameworks/IOBluetooth.framework/Versions/A/IOBluetooth
0x00000000126ef000 	/System/Library/PrivateFrameworks/CoreWiFi.framework/Versions/A/CoreWiFi
0x00000000126ef000 	/System/Library/Frameworks/CoreBluetooth.framework/Versions/A/CoreBluetooth
0x00000000126ef000 	/System/Library/Frameworks/CoreDisplay.framework/Versions/A/CoreDisplay
0x00000000126ef000 	/System/Library/PrivateFrameworks/IOPresentment.framework/Versions/A/IOPresentment
0x00000000126ef000 	/System/Library/PrivateFrameworks/DebugSymbols.framework/Versions/A/DebugSymbols
0x00000000126ef000 	/System/Library/PrivateFrameworks/CoreSymbolication.framework/Versions/A/CoreSymbolication
0x00000000126ef000 	/System/Library/PrivateFrameworks/Symbolication.framework/Versions/A/Symbolication
0x00000000126ef000 	/System/Library/PrivateFrameworks/AppleFSCompression.framework/Versions/A/AppleFSCompression
0x00000000126ef000 	/System/Library/PrivateFrameworks/SpeechRecognitionCore.framework/Versions/A/SpeechRecognitionCore
0x00000000126ef000 	/System/Library/PrivateFrameworks/ChunkingLibrary.framework/Versions/A/ChunkingLibrary
0x000000010a000000 	/Library/Java/JavaVirtualMachines/jdk1.8.0_101.jdk/Contents/Home/jre/lib/server/libjvm.dylib
0x00000000126ef000 	/usr/lib/libstdc++.6.dylib
0x000000010af9d000 	/Library/Java/JavaVirtualMachines/jdk1.8.0_101.jdk/Contents/Home/jre/lib/libverify.dylib
0x000000010afab000 	/Library/Java/JavaVirtualMachines/jdk1.8.0_101.jdk/Contents/Home/jre/lib/libjava.dylib
0x000000010afe8000 	/Library/Java/JavaVirtualMachines/jdk1.8.0_101.jdk/Contents/Home/jre/lib/libzip.dylib
0x000000011192c000 	/System/Library/Frameworks/JavaVM.framework/Frameworks/JavaRuntimeSupport.framework/JavaRuntimeSupport
0x0000000111946000 	/System/Library/Frameworks/JavaVM.framework/Versions/A/Frameworks/JavaNativeFoundation.framework/Versions/A/JavaNativeFoundation
0x000000011195b000 	/System/Library/Frameworks/JavaVM.framework/Versions/A/JavaVM
0x00000000126ef000 	/System/Library/Frameworks/Carbon.framework/Versions/A/Carbon
0x0000000111968000 	/System/Library/PrivateFrameworks/JavaLaunching.framework/Versions/A/JavaLaunching
0x00000000126ef000 	/System/Library/Frameworks/Carbon.framework/Versions/A/Frameworks/CommonPanels.framework/Versions/A/CommonPanels
0x00000000126ef000 	/System/Library/Frameworks/Carbon.framework/Versions/A/Frameworks/Help.framework/Versions/A/Help
0x00000000126ef000 	/System/Library/Frameworks/Carbon.framework/Versions/A/Frameworks/ImageCapture.framework/Versions/A/ImageCapture
0x00000000126ef000 	/System/Library/Frameworks/Carbon.framework/Versions/A/Frameworks/OpenScripting.framework/Versions/A/OpenScripting
0x00000000126ef000 	/System/Library/Frameworks/Carbon.framework/Versions/A/Frameworks/Print.framework/Versions/A/Print
0x00000000126ef000 	/System/Library/Frameworks/Carbon.framework/Versions/A/Frameworks/SecurityHI.framework/Versions/A/SecurityHI
0x0000000113304000 	/Library/Java/JavaVirtualMachines/jdk1.8.0_101.jdk/Contents/Home/jre/lib/libprism_es2.dylib
0x00000000126ef000 	/System/Library/Frameworks/OpenGL.framework/Versions/A/Resources/GLEngine.bundle/GLEngine
0x00000000126ef000 	/System/Library/Frameworks/OpenGL.framework/Versions/A/Libraries/libGLProgrammability.dylib
0x000000011336a000 	/System/Library/Extensions/AppleIntelBDWGraphicsGLDriver.bundle/Contents/MacOS/AppleIntelBDWGraphicsGLDriver
0x00000000126ef000 	/System/Library/PrivateFrameworks/GPUSupport.framework/Versions/A/Libraries/libGPUSupportMercury.dylib
0x00000000126ef000 	/System/Library/Frameworks/OpenGL.framework/Versions/A/Resources/GLRendererFloat.bundle/GLRendererFloat
0x00000000126ef000 	/System/Library/Frameworks/OpenCL.framework/Versions/A/Libraries/libcldcpuengine.dylib
0x00000000126ef000 	/usr/lib/libcrypto.0.9.8.dylib
0x00000000126ef000 	/System/Library/PrivateFrameworks/TrustEvaluationAgent.framework/Versions/A/TrustEvaluationAgent
0x0000000113ed6000 	/Library/Java/JavaVirtualMachines/jdk1.8.0_101.jdk/Contents/Home/jre/lib/libglass.dylib
0x00000000126ef000 	/System/Library/PrivateFrameworks/CoreServicesInternal.framework/Versions/A/CoreServicesInternal
0x00000000126ef000 	/System/Library/CoreServices/RawCamera.bundle/Contents/MacOS/RawCamera
0x00000000126ef000 	/System/Library/Frameworks/Accelerate.framework/Versions/A/Frameworks/vImage.framework/Versions/A/Libraries/libCGInterfaces.dylib
0x00000000126ef000 	/System/Library/PrivateFrameworks/FamilyControls.framework/Versions/A/FamilyControls
0x00000000126ef000 	/System/Library/PrivateFrameworks/CommerceKit.framework/Versions/A/Frameworks/CommerceCore.framework/Versions/A/CommerceCore
0x00000000126ef000 	/System/Library/PrivateFrameworks/SystemAdministration.framework/Versions/A/SystemAdministration
0x00000000126ef000 	/System/Library/PrivateFrameworks/AppContainer.framework/Versions/A/AppContainer
0x00000000126ef000 	/System/Library/PrivateFrameworks/SecCodeWrapper.framework/Versions/A/SecCodeWrapper
0x00000000126ef000 	/System/Library/Frameworks/DirectoryService.framework/Versions/A/DirectoryService
0x00000000126ef000 	/System/Library/PrivateFrameworks/DiskImages.framework/Versions/A/DiskImages
0x00000000126ef000 	/System/Library/PrivateFrameworks/LoginUIKit.framework/Versions/A/Frameworks/LoginUICore.framework/Versions/A/LoginUICore
0x00000000126ef000 	/usr/lib/libCoreStorage.dylib
0x00000000126ef000 	/usr/lib/libcsfde.dylib
0x00000000126ef000 	/usr/lib/libodfde.dylib
0x00000000126ef000 	/System/Library/Frameworks/DiscRecording.framework/Versions/A/DiscRecording
0x00000000126ef000 	/usr/lib/libcurl.4.dylib
0x00000000126ef000 	/System/Library/PrivateFrameworks/MediaKit.framework/Versions/A/MediaKit
0x00000000126ef000 	/System/Library/PrivateFrameworks/ProtectedCloudStorage.framework/Versions/A/ProtectedCloudStorage
0x00000000126ef000 	/System/Library/PrivateFrameworks/EFILogin.framework/Versions/A/EFILogin
0x00000000126ef000 	/usr/lib/libutil.dylib
0x00000000126ef000 	/System/Library/Frameworks/LDAP.framework/Versions/A/LDAP
0x00000000126ef000 	/usr/lib/libsasl2.2.dylib
0x00000000126ef000 	/System/Library/PrivateFrameworks/CoreDaemon.framework/Versions/B/CoreDaemon
0x00000000126ef000 	/System/Library/PrivateFrameworks/AppleSRP.framework/Versions/A/AppleSRP
0x00000000126ef000 	/System/Library/PrivateFrameworks/APFS.framework/Versions/A/APFS
0x0000000116e15000 	/Library/Java/JavaVirtualMachines/jdk1.8.0_101.jdk/Contents/Home/jre/lib/libjavafx_iio.dylib
0x0000000116ed5000 	/Library/Java/JavaVirtualMachines/jdk1.8.0_101.jdk/Contents/Home/jre/lib/libglib-lite.dylib
0x0000000116ff6000 	/Library/Java/JavaVirtualMachines/jdk1.8.0_101.jdk/Contents/Home/jre/lib/libgstreamer-lite.dylib
0x000000011716f000 	/Library/Java/JavaVirtualMachines/jdk1.8.0_101.jdk/Contents/Home/jre/lib/libjfxmedia.dylib
0x00000001171aa000 	/Library/Java/JavaVirtualMachines/jdk1.8.0_101.jdk/Contents/Home/jre/lib/libjfxmedia_avf.dylib
0x00000000126ef000 	/System/Library/Frameworks/AVFoundation.framework/Versions/A/AVFoundation
0x00000000126ef000 	/System/Library/Frameworks/CoreMedia.framework/Versions/A/CoreMedia
0x00000000126ef000 	/System/Library/Frameworks/MediaToolbox.framework/Versions/A/MediaToolbox
0x00000000126ef000 	/System/Library/Frameworks/AVFoundation.framework/Versions/A/Frameworks/AVFAudio.framework/Versions/A/AVFAudio
0x00000000126ef000 	/System/Library/Frameworks/VideoToolbox.framework/Versions/A/VideoToolbox
0x00000000126ef000 	/System/Library/PrivateFrameworks/IntlPreferences.framework/Versions/A/IntlPreferences
0x00000000126ef000 	/System/Library/Frameworks/CoreMediaIO.framework/Versions/A/CoreMediaIO
0x00000000126ef000 	/usr/lib/libspindump.dylib
0x00000000126ef000 	/usr/lib/libdscsym.dylib
0x00000000126ef000 	/System/Library/PrivateFrameworks/CoreAVCHD.framework/Versions/A/CoreAVCHD
0x00000000126ef000 	/System/Library/Frameworks/MediaAccessibility.framework/Versions/A/MediaAccessibility
0x00000000126ef000 	/System/Library/PrivateFrameworks/Mangrove.framework/Versions/A/Mangrove
0x00000000126ef000 	/System/Library/PrivateFrameworks/CoreAUC.framework/Versions/A/CoreAUC
0x00000000126ef000 	/System/Library/PrivateFrameworks/AppleVA.framework/Versions/A/AppleVA
0x00000000126ef000 	/System/Library/PrivateFrameworks/XPCService.framework/Versions/A/XPCService
0x00000000126ef000 	/System/Library/PrivateFrameworks/AppSandbox.framework/Versions/A/AppSandbox
0x00000000126ef000 	/usr/lib/libsandbox.1.dylib
0x00000000126ef000 	/usr/lib/libMatch.1.dylib
0x00000001171df000 	/Library/Java/JavaVirtualMachines/jdk1.8.0_101.jdk/Contents/Home/jre/lib/libjfxmedia_qtkit.dylib
0x00000000126ef000 	/System/Library/Frameworks/QTKit.framework/Versions/A/QTKit
0x00000000126ef000 	/System/Library/PrivateFrameworks/CoreMediaAuthoring.framework/Versions/A/CoreMediaAuthoring
0x00000001173ec000 	/Library/Java/JavaVirtualMachines/jdk1.8.0_101.jdk/Contents/Home/jre/lib/libfxplugins.dylib
0x000000011404e000 	/System/Library/Frameworks/VideoDecodeAcceleration.framework/Versions/A/VideoDecodeAcceleration
0x0000000117417000 	/Library/Java/JavaVirtualMachines/jdk1.8.0_101.jdk/Contents/Home/jre/lib/libnet.dylib
0x000000011742e000 	/Library/Java/JavaVirtualMachines/jdk1.8.0_101.jdk/Contents/Home/jre/lib/libnio.dylib
0x00000001142a0000 	/System/Library/Extensions/AppleHDA.kext/Contents/PlugIns/AppleHDAHALPlugIn.bundle/Contents/MacOS/AppleHDAHALPlugIn
0x0000000117465000 	/System/Library/Components/CoreAudio.component/Contents/MacOS/CoreAudio
0x00000000126ef000 	/System/Library/PrivateFrameworks/AppleGVA.framework/Versions/A/AppleGVA
0x0000000117969000 	/System/Library/Extensions/AppleIntelBDWGraphicsVADriver.bundle/Contents/MacOS/AppleIntelBDWGraphicsVADriver
0x0000000117bcb000 	/System/Library/Components/AudioCodecs.component/Contents/MacOS/AudioCodecs
0x000000011801d000 	/System/Library/Extensions/AppleIntelBDWGraphicsVAME.bundle/Contents/MacOS/AppleIntelBDWGraphicsVAME
0x000000012c800000 	/Library/Java/JavaVirtualMachines/jdk1.8.0_101.jdk/Contents/Home/jre/lib/libjavafx_font.dylib
0x00000000126ef000 	/System/Library/Frameworks/ApplicationServices.framework/Versions/A/Frameworks/ATS.framework/Versions/A/Resources/libTrueTypeScaler.dylib
0x000000012f016000 	/System/Library/Extensions/AppleIntelBDWGraphicsMTLDriver.bundle/Contents/MacOS/AppleIntelBDWGraphicsMTLDriver
0x00000000126ef000 	/System/Library/PrivateFrameworks/ViewBridge.framework/Versions/A/ViewBridge
0x000000012f5b1000 	/Library/Java/JavaVirtualMachines/jdk1.8.0_101.jdk/Contents/Home/jre/lib/libprism_common.dylib

VM Arguments:
jvm_args: -Dfile.encoding=UTF-8 
java_command: /Users/gabrielalvarengadacruz/NetBeansProjects/JavaFXApplication2/dist/run2118196209/ProjetoSmhfinal.jar
java_class_path (initial): /Users/gabrielalvarengadacruz/NetBeansProjects/JavaFXApplication2/dist/run2118196209/ProjetoSmhfinal.jar
Launcher Type: SUN_STANDARD

Environment Variables:
PATH=/usr/bin:/bin:/usr/sbin:/sbin
LD_LIBRARY_PATH=/Library/Java/JavaVirtualMachines/jdk1.8.0_101.jdk/Contents/Home/jre/lib/amd64:/Library/Java/JavaVirtualMachines/jdk1.8.0_101.jdk/Contents/Home/jre/lib/i386:
SHELL=/bin/bash

Signal Handlers:
SIGSEGV: [libjvm.dylib+0x5af145], sa_mask[0]=11111111011111110111111111111111, sa_flags=SA_ONSTACK|SA_RESTART|SA_SIGINFO
SIGBUS: [libjvm.dylib+0x5af145], sa_mask[0]=11111111011111110111111111111111, sa_flags=SA_RESTART|SA_SIGINFO
SIGFPE: [libjvm.dylib+0x48694c], sa_mask[0]=11111111011111110111111111111111, sa_flags=SA_RESTART|SA_SIGINFO
SIGPIPE: [libjvm.dylib+0x48694c], sa_mask[0]=11111111011111110111111111111111, sa_flags=SA_RESTART|SA_SIGINFO
SIGXFSZ: [libjvm.dylib+0x48694c], sa_mask[0]=11111111011111110111111111111111, sa_flags=SA_RESTART|SA_SIGINFO
SIGILL: [libjvm.dylib+0x48694c], sa_mask[0]=11111111011111110111111111111111, sa_flags=SA_RESTART|SA_SIGINFO
SIGUSR1: SIG_DFL, sa_mask[0]=00000000000000000000000000000000, sa_flags=none
SIGUSR2: [libjvm.dylib+0x48646a], sa_mask[0]=00100000000000000000000000000000, sa_flags=SA_RESTART|SA_SIGINFO
SIGHUP: [libjvm.dylib+0x484a41], sa_mask[0]=11111111011111110111111111111111, sa_flags=SA_RESTART|SA_SIGINFO
SIGINT: SIG_IGN, sa_mask[0]=00000000000000000000000000000000, sa_flags=none
SIGTERM: [libjvm.dylib+0x484a41], sa_mask[0]=11111111011111110111111111111111, sa_flags=SA_RESTART|SA_SIGINFO
SIGQUIT: [libjvm.dylib+0x484a41], sa_mask[0]=11111111011111110111111111111111, sa_flags=SA_RESTART|SA_SIGINFO


---------------  S Y S T E M  ---------------

OS:Bsduname:Darwin 16.1.0 Darwin Kernel Version 16.1.0: Thu Oct 13 21:26:57 PDT 2016; root:xnu-3789.21.3~60/RELEASE_X86_64 x86_64
rlimit: STACK 8192k, CORE 0k, NPROC 709, NOFILE 10240, AS infinity
load average:1.72 1.57 1.50

CPU:total 4 (2 cores per cpu, 2 threads per core) family 6 model 61 stepping 4, cmov, cx8, fxsr, mmx, sse, sse2, sse3, ssse3, sse4.1, sse4.2, popcnt, avx, avx2, aes, clmul, erms, 3dnowpref, lzcnt, ht, tsc, tscinvbit, bmi1, bmi2, adx

Memory: 4k page, physical 8388608k(2827440k free)

/proc/meminfo:


vm_info: Java HotSpot(TM) 64-Bit Server VM (25.101-b13) for bsd-amd64 JRE (1.8.0_101-b13), built on Jun 22 2016 02:42:15 by "java_re" with gcc 4.2.1 (Based on Apple Inc. build 5658) (LLVM build 2336.11.00)

time: Mon Nov 21 16:39:20 2016
elapsed time: 11 seconds (0d 0h 0m 11s)

